[Mon Mar 07 19:04:08.641751 2022] [ssl:warn] [pid 8856:tid 580] AH01909: www.example.com:443:0 server certificate does NOT include an ID which matches the server name
[Mon Mar 07 19:04:08.738414 2022] [ssl:warn] [pid 8856:tid 580] AH01909: www.example.com:443:0 server certificate does NOT include an ID which matches the server name
[Mon Mar 07 19:04:14.416145 2022] [mpm_winnt:notice] [pid 8856:tid 580] AH00455: Apache/2.4.52 (Win64) OpenSSL/1.1.1m PHP/8.1.2 configured -- resuming normal operations
[Mon Mar 07 19:04:14.416145 2022] [mpm_winnt:notice] [pid 8856:tid 580] AH00456: Apache Lounge VS16 Server built: Dec 17 2021 10:17:38
[Mon Mar 07 19:04:14.416145 2022] [core:notice] [pid 8856:tid 580] AH00094: Command line: 'C:\\xampp\\apache\\bin\\httpd.exe -d C:/xampp/apache'
[Mon Mar 07 19:04:14.419129 2022] [mpm_winnt:notice] [pid 8856:tid 580] AH00418: Parent: Created child process 20200
[Mon Mar 07 19:04:14.853427 2022] [ssl:warn] [pid 20200:tid 620] AH01909: www.example.com:443:0 server certificate does NOT include an ID which matches the server name
[Mon Mar 07 19:04:14.943894 2022] [ssl:warn] [pid 20200:tid 620] AH01909: www.example.com:443:0 server certificate does NOT include an ID which matches the server name
[Mon Mar 07 19:04:14.987442 2022] [mpm_winnt:notice] [pid 20200:tid 620] AH00354: Child: Starting 150 worker threads.
[Mon Mar 07 19:07:41.205098 2022] [ssl:warn] [pid 2436:tid 612] AH01909: www.example.com:443:0 server certificate does NOT include an ID which matches the server name
[Mon Mar 07 19:07:41.296579 2022] [ssl:warn] [pid 2436:tid 612] AH01909: www.example.com:443:0 server certificate does NOT include an ID which matches the server name
[Mon Mar 07 19:07:41.341959 2022] [mpm_winnt:notice] [pid 2436:tid 612] AH00455: Apache/2.4.52 (Win64) OpenSSL/1.1.1m PHP/8.1.2 configured -- resuming normal operations
[Mon Mar 07 19:07:41.341959 2022] [mpm_winnt:notice] [pid 2436:tid 612] AH00456: Apache Lounge VS16 Server built: Dec 17 2021 10:17:38
[Mon Mar 07 19:07:41.341959 2022] [core:notice] [pid 2436:tid 612] AH00094: Command line: 'c:\\xampp\\apache\\bin\\httpd.exe -d C:/xampp/apache'
[Mon Mar 07 19:07:41.344949 2022] [mpm_winnt:notice] [pid 2436:tid 612] AH00418: Parent: Created child process 15332
[Mon Mar 07 19:07:41.687535 2022] [ssl:warn] [pid 15332:tid 640] AH01909: www.example.com:443:0 server certificate does NOT include an ID which matches the server name
[Mon Mar 07 19:07:41.780850 2022] [ssl:warn] [pid 15332:tid 640] AH01909: www.example.com:443:0 server certificate does NOT include an ID which matches the server name
[Mon Mar 07 19:07:41.828210 2022] [mpm_winnt:notice] [pid 15332:tid 640] AH00354: Child: Starting 150 worker threads.
[Wed Mar 09 20:55:11.412243 2022] [ssl:warn] [pid 18772:tid 492] AH01909: www.example.com:443:0 server certificate does NOT include an ID which matches the server name
[Wed Mar 09 20:55:11.522280 2022] [core:warn] [pid 18772:tid 492] AH00098: pid file C:/xampp/apache/logs/httpd.pid overwritten -- Unclean shutdown of previous Apache run?
[Wed Mar 09 20:55:11.531374 2022] [ssl:warn] [pid 18772:tid 492] AH01909: www.example.com:443:0 server certificate does NOT include an ID which matches the server name
[Wed Mar 09 20:55:16.302273 2022] [mpm_winnt:notice] [pid 18772:tid 492] AH00455: Apache/2.4.52 (Win64) OpenSSL/1.1.1m PHP/8.1.2 configured -- resuming normal operations
[Wed Mar 09 20:55:16.302273 2022] [mpm_winnt:notice] [pid 18772:tid 492] AH00456: Apache Lounge VS16 Server built: Dec 17 2021 10:17:38
[Wed Mar 09 20:55:16.302273 2022] [core:notice] [pid 18772:tid 492] AH00094: Command line: 'c:\\xampp\\apache\\bin\\httpd.exe -d C:/xampp/apache'
[Wed Mar 09 20:55:16.308441 2022] [mpm_winnt:notice] [pid 18772:tid 492] AH00418: Parent: Created child process 4360
[Wed Mar 09 20:55:16.611378 2022] [ssl:warn] [pid 4360:tid 600] AH01909: www.example.com:443:0 server certificate does NOT include an ID which matches the server name
[Wed Mar 09 20:55:16.723906 2022] [ssl:warn] [pid 4360:tid 600] AH01909: www.example.com:443:0 server certificate does NOT include an ID which matches the server name
[Wed Mar 09 20:55:16.782139 2022] [mpm_winnt:notice] [pid 4360:tid 600] AH00354: Child: Starting 150 worker threads.
[Sat Mar 12 12:02:56.890694 2022] [ssl:warn] [pid 12700:tid 600] AH01909: www.example.com:443:0 server certificate does NOT include an ID which matches the server name
[Sat Mar 12 12:02:56.971770 2022] [core:warn] [pid 12700:tid 600] AH00098: pid file C:/xampp/apache/logs/httpd.pid overwritten -- Unclean shutdown of previous Apache run?
[Sat Mar 12 12:02:56.977185 2022] [ssl:warn] [pid 12700:tid 600] AH01909: www.example.com:443:0 server certificate does NOT include an ID which matches the server name
[Sat Mar 12 12:02:57.090493 2022] [mpm_winnt:notice] [pid 12700:tid 600] AH00455: Apache/2.4.52 (Win64) OpenSSL/1.1.1m PHP/8.1.2 configured -- resuming normal operations
[Sat Mar 12 12:02:57.090493 2022] [mpm_winnt:notice] [pid 12700:tid 600] AH00456: Apache Lounge VS16 Server built: Dec 17 2021 10:17:38
[Sat Mar 12 12:02:57.090493 2022] [core:notice] [pid 12700:tid 600] AH00094: Command line: 'c:\\xampp\\apache\\bin\\httpd.exe -d C:/xampp/apache'
[Sat Mar 12 12:02:57.090493 2022] [mpm_winnt:notice] [pid 12700:tid 600] AH00418: Parent: Created child process 17696
[Sat Mar 12 12:02:57.440672 2022] [ssl:warn] [pid 17696:tid 592] AH01909: www.example.com:443:0 server certificate does NOT include an ID which matches the server name
[Sat Mar 12 12:02:57.531167 2022] [ssl:warn] [pid 17696:tid 592] AH01909: www.example.com:443:0 server certificate does NOT include an ID which matches the server name
[Sat Mar 12 12:02:57.569997 2022] [mpm_winnt:notice] [pid 17696:tid 592] AH00354: Child: Starting 150 worker threads.
[Sat Apr 02 21:19:34.032014 2022] [ssl:warn] [pid 20304:tid 576] AH01909: www.example.com:443:0 server certificate does NOT include an ID which matches the server name
[Sat Apr 02 21:19:34.066404 2022] [core:warn] [pid 20304:tid 576] AH00098: pid file C:/xampp/apache/logs/httpd.pid overwritten -- Unclean shutdown of previous Apache run?
[Sat Apr 02 21:19:34.069155 2022] [ssl:warn] [pid 20304:tid 576] AH01909: www.example.com:443:0 server certificate does NOT include an ID which matches the server name
PHP Warning:  'C:\\Windows\\SYSTEM32\\VCRUNTIME140.dll' 14.13 is not compatible with this PHP build linked with 14.29 in Unknown on line 0
[Sat Apr 02 21:19:34.120219 2022] [:emerg] [pid 20304:tid 576] AH00020: Configuration Failed, exiting
[Sat Apr 02 21:19:43.695395 2022] [ssl:warn] [pid 21236:tid 648] AH01909: www.example.com:443:0 server certificate does NOT include an ID which matches the server name
[Sat Apr 02 21:19:43.726717 2022] [core:warn] [pid 21236:tid 648] AH00098: pid file C:/xampp/apache/logs/httpd.pid overwritten -- Unclean shutdown of previous Apache run?
[Sat Apr 02 21:19:43.728711 2022] [ssl:warn] [pid 21236:tid 648] AH01909: www.example.com:443:0 server certificate does NOT include an ID which matches the server name
PHP Warning:  'C:\\Windows\\SYSTEM32\\VCRUNTIME140.dll' 14.13 is not compatible with this PHP build linked with 14.29 in Unknown on line 0
[Sat Apr 02 21:19:43.740378 2022] [:emerg] [pid 21236:tid 648] AH00020: Configuration Failed, exiting
[Sat Apr 02 22:12:22.044630 2022] [ssl:warn] [pid 21572:tid 628] AH01909: www.example.com:443:0 server certificate does NOT include an ID which matches the server name
[Sat Apr 02 22:12:22.074472 2022] [core:warn] [pid 21572:tid 628] AH00098: pid file C:/xampp/apache/logs/httpd.pid overwritten -- Unclean shutdown of previous Apache run?
[Sat Apr 02 22:12:22.077212 2022] [ssl:warn] [pid 21572:tid 628] AH01909: www.example.com:443:0 server certificate does NOT include an ID which matches the server name
PHP Warning:  'C:\\Windows\\SYSTEM32\\VCRUNTIME140.dll' 14.13 is not compatible with this PHP build linked with 14.29 in Unknown on line 0
[Sat Apr 02 22:12:22.097037 2022] [:emerg] [pid 21572:tid 628] AH00020: Configuration Failed, exiting
[Sat Apr 02 22:12:26.690757 2022] [ssl:warn] [pid 22404:tid 156] AH01909: www.example.com:443:0 server certificate does NOT include an ID which matches the server name
[Sat Apr 02 22:12:26.723350 2022] [core:warn] [pid 22404:tid 156] AH00098: pid file C:/xampp/apache/logs/httpd.pid overwritten -- Unclean shutdown of previous Apache run?
[Sat Apr 02 22:12:26.726229 2022] [ssl:warn] [pid 22404:tid 156] AH01909: www.example.com:443:0 server certificate does NOT include an ID which matches the server name
PHP Warning:  'C:\\Windows\\SYSTEM32\\VCRUNTIME140.dll' 14.13 is not compatible with this PHP build linked with 14.29 in Unknown on line 0
[Sat Apr 02 22:12:26.737357 2022] [:emerg] [pid 22404:tid 156] AH00020: Configuration Failed, exiting
[Sat Apr 02 22:12:31.649155 2022] [ssl:warn] [pid 15860:tid 600] AH01909: www.example.com:443:0 server certificate does NOT include an ID which matches the server name
[Sat Apr 02 22:12:31.686320 2022] [core:warn] [pid 15860:tid 600] AH00098: pid file C:/xampp/apache/logs/httpd.pid overwritten -- Unclean shutdown of previous Apache run?
[Sat Apr 02 22:12:31.688313 2022] [ssl:warn] [pid 15860:tid 600] AH01909: www.example.com:443:0 server certificate does NOT include an ID which matches the server name
PHP Warning:  'C:\\Windows\\SYSTEM32\\VCRUNTIME140.dll' 14.13 is not compatible with this PHP build linked with 14.29 in Unknown on line 0
[Sat Apr 02 22:12:31.700905 2022] [:emerg] [pid 15860:tid 600] AH00020: Configuration Failed, exiting
[Sat Apr 02 22:12:33.248792 2022] [ssl:warn] [pid 11256:tid 616] AH01909: www.example.com:443:0 server certificate does NOT include an ID which matches the server name
[Sat Apr 02 22:12:33.280959 2022] [core:warn] [pid 11256:tid 616] AH00098: pid file C:/xampp/apache/logs/httpd.pid overwritten -- Unclean shutdown of previous Apache run?
[Sat Apr 02 22:12:33.282952 2022] [ssl:warn] [pid 11256:tid 616] AH01909: www.example.com:443:0 server certificate does NOT include an ID which matches the server name
PHP Warning:  'C:\\Windows\\SYSTEM32\\VCRUNTIME140.dll' 14.13 is not compatible with this PHP build linked with 14.29 in Unknown on line 0
[Sat Apr 02 22:12:33.295309 2022] [:emerg] [pid 11256:tid 616] AH00020: Configuration Failed, exiting
[Sat Apr 02 22:12:51.790247 2022] [ssl:warn] [pid 20676:tid 640] AH01909: www.example.com:443:0 server certificate does NOT include an ID which matches the server name
[Sat Apr 02 22:12:51.824106 2022] [core:warn] [pid 20676:tid 640] AH00098: pid file C:/xampp/apache/logs/httpd.pid overwritten -- Unclean shutdown of previous Apache run?
[Sat Apr 02 22:12:51.827296 2022] [ssl:warn] [pid 20676:tid 640] AH01909: www.example.com:443:0 server certificate does NOT include an ID which matches the server name
PHP Warning:  'C:\\Windows\\SYSTEM32\\VCRUNTIME140.dll' 14.13 is not compatible with this PHP build linked with 14.29 in Unknown on line 0
[Sat Apr 02 22:12:51.838811 2022] [:emerg] [pid 20676:tid 640] AH00020: Configuration Failed, exiting
[Sat Apr 02 22:12:53.518092 2022] [ssl:warn] [pid 16344:tid 592] AH01909: www.example.com:443:0 server certificate does NOT include an ID which matches the server name
[Sat Apr 02 22:12:53.547734 2022] [core:warn] [pid 16344:tid 592] AH00098: pid file C:/xampp/apache/logs/httpd.pid overwritten -- Unclean shutdown of previous Apache run?
[Sat Apr 02 22:12:53.549728 2022] [ssl:warn] [pid 16344:tid 592] AH01909: www.example.com:443:0 server certificate does NOT include an ID which matches the server name
PHP Warning:  'C:\\Windows\\SYSTEM32\\VCRUNTIME140.dll' 14.13 is not compatible with this PHP build linked with 14.29 in Unknown on line 0
[Sat Apr 02 22:12:53.561594 2022] [:emerg] [pid 16344:tid 592] AH00020: Configuration Failed, exiting
[Sat Apr 02 22:13:28.073559 2022] [ssl:warn] [pid 11276:tid 660] AH01909: www.example.com:443:0 server certificate does NOT include an ID which matches the server name
[Sat Apr 02 22:13:28.105562 2022] [core:warn] [pid 11276:tid 660] AH00098: pid file C:/xampp/apache/logs/httpd.pid overwritten -- Unclean shutdown of previous Apache run?
[Sat Apr 02 22:13:28.107513 2022] [ssl:warn] [pid 11276:tid 660] AH01909: www.example.com:443:0 server certificate does NOT include an ID which matches the server name
PHP Warning:  'C:\\Windows\\SYSTEM32\\VCRUNTIME140.dll' 14.13 is not compatible with this PHP build linked with 14.29 in Unknown on line 0
[Sat Apr 02 22:13:28.119271 2022] [:emerg] [pid 11276:tid 660] AH00020: Configuration Failed, exiting
[Sat Apr 02 22:15:16.174840 2022] [ssl:warn] [pid 24220:tid 652] AH01909: www.example.com:443:0 server certificate does NOT include an ID which matches the server name
[Sat Apr 02 22:15:16.210886 2022] [core:warn] [pid 24220:tid 652] AH00098: pid file C:/xampp/apache/logs/httpd.pid overwritten -- Unclean shutdown of previous Apache run?
[Sat Apr 02 22:15:16.212879 2022] [ssl:warn] [pid 24220:tid 652] AH01909: www.example.com:443:0 server certificate does NOT include an ID which matches the server name
PHP Warning:  'C:\\Windows\\SYSTEM32\\VCRUNTIME140.dll' 14.13 is not compatible with this PHP build linked with 14.29 in Unknown on line 0
[Sat Apr 02 22:15:16.226253 2022] [:emerg] [pid 24220:tid 652] AH00020: Configuration Failed, exiting
[Sat Apr 02 22:15:17.554706 2022] [ssl:warn] [pid 8264:tid 592] AH01909: www.example.com:443:0 server certificate does NOT include an ID which matches the server name
[Sat Apr 02 22:15:17.590032 2022] [core:warn] [pid 8264:tid 592] AH00098: pid file C:/xampp/apache/logs/httpd.pid overwritten -- Unclean shutdown of previous Apache run?
[Sat Apr 02 22:15:17.592179 2022] [ssl:warn] [pid 8264:tid 592] AH01909: www.example.com:443:0 server certificate does NOT include an ID which matches the server name
PHP Warning:  'C:\\Windows\\SYSTEM32\\VCRUNTIME140.dll' 14.13 is not compatible with this PHP build linked with 14.29 in Unknown on line 0
[Sat Apr 02 22:15:17.604484 2022] [:emerg] [pid 8264:tid 592] AH00020: Configuration Failed, exiting
[Sat Apr 02 22:15:24.662946 2022] [ssl:warn] [pid 5012:tid 644] AH01909: www.example.com:443:0 server certificate does NOT include an ID which matches the server name
[Sat Apr 02 22:15:24.697243 2022] [core:warn] [pid 5012:tid 644] AH00098: pid file C:/xampp/apache/logs/httpd.pid overwritten -- Unclean shutdown of previous Apache run?
[Sat Apr 02 22:15:24.700639 2022] [ssl:warn] [pid 5012:tid 644] AH01909: www.example.com:443:0 server certificate does NOT include an ID which matches the server name
PHP Warning:  'C:\\Windows\\SYSTEM32\\VCRUNTIME140.dll' 14.13 is not compatible with this PHP build linked with 14.29 in Unknown on line 0
[Sat Apr 02 22:15:24.711618 2022] [:emerg] [pid 5012:tid 644] AH00020: Configuration Failed, exiting
[Sat Apr 02 22:15:26.389389 2022] [ssl:warn] [pid 9428:tid 632] AH01909: www.example.com:443:0 server certificate does NOT include an ID which matches the server name
[Sat Apr 02 22:15:26.422899 2022] [core:warn] [pid 9428:tid 632] AH00098: pid file C:/xampp/apache/logs/httpd.pid overwritten -- Unclean shutdown of previous Apache run?
[Sat Apr 02 22:15:26.427037 2022] [ssl:warn] [pid 9428:tid 632] AH01909: www.example.com:443:0 server certificate does NOT include an ID which matches the server name
PHP Warning:  'C:\\Windows\\SYSTEM32\\VCRUNTIME140.dll' 14.13 is not compatible with this PHP build linked with 14.29 in Unknown on line 0
[Sat Apr 02 22:15:26.439523 2022] [:emerg] [pid 9428:tid 632] AH00020: Configuration Failed, exiting
[Sat Apr 02 22:15:27.979582 2022] [ssl:warn] [pid 8684:tid 600] AH01909: www.example.com:443:0 server certificate does NOT include an ID which matches the server name
[Sat Apr 02 22:15:28.013928 2022] [core:warn] [pid 8684:tid 600] AH00098: pid file C:/xampp/apache/logs/httpd.pid overwritten -- Unclean shutdown of previous Apache run?
[Sat Apr 02 22:15:28.017626 2022] [ssl:warn] [pid 8684:tid 600] AH01909: www.example.com:443:0 server certificate does NOT include an ID which matches the server name
PHP Warning:  'C:\\Windows\\SYSTEM32\\VCRUNTIME140.dll' 14.13 is not compatible with this PHP build linked with 14.29 in Unknown on line 0
[Sat Apr 02 22:15:28.029406 2022] [:emerg] [pid 8684:tid 600] AH00020: Configuration Failed, exiting
[Sat Apr 02 22:15:29.318542 2022] [ssl:warn] [pid 21708:tid 584] AH01909: www.example.com:443:0 server certificate does NOT include an ID which matches the server name
[Sat Apr 02 22:15:29.352391 2022] [core:warn] [pid 21708:tid 584] AH00098: pid file C:/xampp/apache/logs/httpd.pid overwritten -- Unclean shutdown of previous Apache run?
[Sat Apr 02 22:15:29.354908 2022] [ssl:warn] [pid 21708:tid 584] AH01909: www.example.com:443:0 server certificate does NOT include an ID which matches the server name
PHP Warning:  'C:\\Windows\\SYSTEM32\\VCRUNTIME140.dll' 14.13 is not compatible with this PHP build linked with 14.29 in Unknown on line 0
[Sat Apr 02 22:15:29.367208 2022] [:emerg] [pid 21708:tid 584] AH00020: Configuration Failed, exiting
[Sat Apr 02 22:15:30.588093 2022] [ssl:warn] [pid 13852:tid 588] AH01909: www.example.com:443:0 server certificate does NOT include an ID which matches the server name
[Sat Apr 02 22:15:30.619852 2022] [core:warn] [pid 13852:tid 588] AH00098: pid file C:/xampp/apache/logs/httpd.pid overwritten -- Unclean shutdown of previous Apache run?
[Sat Apr 02 22:15:30.622533 2022] [ssl:warn] [pid 13852:tid 588] AH01909: www.example.com:443:0 server certificate does NOT include an ID which matches the server name
PHP Warning:  'C:\\Windows\\SYSTEM32\\VCRUNTIME140.dll' 14.13 is not compatible with this PHP build linked with 14.29 in Unknown on line 0
[Sat Apr 02 22:15:30.634797 2022] [:emerg] [pid 13852:tid 588] AH00020: Configuration Failed, exiting
[Sat Apr 02 22:15:32.440336 2022] [ssl:warn] [pid 13864:tid 624] AH01909: www.example.com:443:0 server certificate does NOT include an ID which matches the server name
[Sat Apr 02 22:15:32.475254 2022] [core:warn] [pid 13864:tid 624] AH00098: pid file C:/xampp/apache/logs/httpd.pid overwritten -- Unclean shutdown of previous Apache run?
[Sat Apr 02 22:15:32.477349 2022] [ssl:warn] [pid 13864:tid 624] AH01909: www.example.com:443:0 server certificate does NOT include an ID which matches the server name
PHP Warning:  'C:\\Windows\\SYSTEM32\\VCRUNTIME140.dll' 14.13 is not compatible with this PHP build linked with 14.29 in Unknown on line 0
[Sat Apr 02 22:15:32.490833 2022] [:emerg] [pid 13864:tid 624] AH00020: Configuration Failed, exiting
[Sat Apr 02 22:15:33.953815 2022] [ssl:warn] [pid 13204:tid 600] AH01909: www.example.com:443:0 server certificate does NOT include an ID which matches the server name
[Sat Apr 02 22:15:33.987136 2022] [core:warn] [pid 13204:tid 600] AH00098: pid file C:/xampp/apache/logs/httpd.pid overwritten -- Unclean shutdown of previous Apache run?
[Sat Apr 02 22:15:33.990097 2022] [ssl:warn] [pid 13204:tid 600] AH01909: www.example.com:443:0 server certificate does NOT include an ID which matches the server name
PHP Warning:  'C:\\Windows\\SYSTEM32\\VCRUNTIME140.dll' 14.13 is not compatible with this PHP build linked with 14.29 in Unknown on line 0
[Sat Apr 02 22:15:34.001566 2022] [:emerg] [pid 13204:tid 600] AH00020: Configuration Failed, exiting
[Sat Apr 02 22:15:35.105140 2022] [ssl:warn] [pid 13636:tid 616] AH01909: www.example.com:443:0 server certificate does NOT include an ID which matches the server name
[Sat Apr 02 22:15:35.141469 2022] [core:warn] [pid 13636:tid 616] AH00098: pid file C:/xampp/apache/logs/httpd.pid overwritten -- Unclean shutdown of previous Apache run?
[Sat Apr 02 22:15:35.143820 2022] [ssl:warn] [pid 13636:tid 616] AH01909: www.example.com:443:0 server certificate does NOT include an ID which matches the server name
PHP Warning:  'C:\\Windows\\SYSTEM32\\VCRUNTIME140.dll' 14.13 is not compatible with this PHP build linked with 14.29 in Unknown on line 0
[Sat Apr 02 22:15:35.156541 2022] [:emerg] [pid 13636:tid 616] AH00020: Configuration Failed, exiting
[Sat Apr 02 22:17:41.855760 2022] [ssl:warn] [pid 8376:tid 580] AH01909: www.example.com:443:0 server certificate does NOT include an ID which matches the server name
[Sat Apr 02 22:17:41.888557 2022] [core:warn] [pid 8376:tid 580] AH00098: pid file C:/xampp/apache/logs/httpd.pid overwritten -- Unclean shutdown of previous Apache run?
[Sat Apr 02 22:17:41.890551 2022] [ssl:warn] [pid 8376:tid 580] AH01909: www.example.com:443:0 server certificate does NOT include an ID which matches the server name
PHP Warning:  'C:\\Windows\\SYSTEM32\\VCRUNTIME140.dll' 14.13 is not compatible with this PHP build linked with 14.29 in Unknown on line 0
[Sat Apr 02 22:17:41.902568 2022] [:emerg] [pid 8376:tid 580] AH00020: Configuration Failed, exiting
[Sat Apr 02 22:17:44.460340 2022] [ssl:warn] [pid 24000:tid 616] AH01909: www.example.com:443:0 server certificate does NOT include an ID which matches the server name
[Sat Apr 02 22:17:44.491679 2022] [core:warn] [pid 24000:tid 616] AH00098: pid file C:/xampp/apache/logs/httpd.pid overwritten -- Unclean shutdown of previous Apache run?
[Sat Apr 02 22:17:44.493673 2022] [ssl:warn] [pid 24000:tid 616] AH01909: www.example.com:443:0 server certificate does NOT include an ID which matches the server name
PHP Warning:  'C:\\Windows\\SYSTEM32\\VCRUNTIME140.dll' 14.13 is not compatible with this PHP build linked with 14.29 in Unknown on line 0
[Sat Apr 02 22:17:44.505635 2022] [:emerg] [pid 24000:tid 616] AH00020: Configuration Failed, exiting
[Sat Apr 02 22:18:37.269792 2022] [ssl:warn] [pid 22628:tid 592] AH01909: www.example.com:443:0 server certificate does NOT include an ID which matches the server name
[Sat Apr 02 22:18:37.299395 2022] [core:warn] [pid 22628:tid 592] AH00098: pid file C:/xampp/apache/logs/httpd.pid overwritten -- Unclean shutdown of previous Apache run?
[Sat Apr 02 22:18:37.301388 2022] [ssl:warn] [pid 22628:tid 592] AH01909: www.example.com:443:0 server certificate does NOT include an ID which matches the server name
PHP Warning:  'C:\\Windows\\SYSTEM32\\VCRUNTIME140.dll' 14.13 is not compatible with this PHP build linked with 14.29 in Unknown on line 0
[Sat Apr 02 22:18:37.313385 2022] [:emerg] [pid 22628:tid 592] AH00020: Configuration Failed, exiting
[Sat Apr 02 22:20:04.587483 2022] [ssl:warn] [pid 8624:tid 640] AH01909: www.example.com:443:0 server certificate does NOT include an ID which matches the server name
[Sat Apr 02 22:20:04.619591 2022] [core:warn] [pid 8624:tid 640] AH00098: pid file C:/xampp/apache/logs/httpd.pid overwritten -- Unclean shutdown of previous Apache run?
[Sat Apr 02 22:20:04.621696 2022] [ssl:warn] [pid 8624:tid 640] AH01909: www.example.com:443:0 server certificate does NOT include an ID which matches the server name
PHP Warning:  'C:\\Windows\\SYSTEM32\\VCRUNTIME140.dll' 14.13 is not compatible with this PHP build linked with 14.29 in Unknown on line 0
[Sat Apr 02 22:20:04.633652 2022] [:emerg] [pid 8624:tid 640] AH00020: Configuration Failed, exiting
[Sat Apr 02 22:20:06.449754 2022] [ssl:warn] [pid 20296:tid 648] AH01909: www.example.com:443:0 server certificate does NOT include an ID which matches the server name
[Sat Apr 02 22:20:06.481135 2022] [core:warn] [pid 20296:tid 648] AH00098: pid file C:/xampp/apache/logs/httpd.pid overwritten -- Unclean shutdown of previous Apache run?
[Sat Apr 02 22:20:06.483128 2022] [ssl:warn] [pid 20296:tid 648] AH01909: www.example.com:443:0 server certificate does NOT include an ID which matches the server name
PHP Warning:  'C:\\Windows\\SYSTEM32\\VCRUNTIME140.dll' 14.13 is not compatible with this PHP build linked with 14.29 in Unknown on line 0
[Sat Apr 02 22:20:06.495091 2022] [:emerg] [pid 20296:tid 648] AH00020: Configuration Failed, exiting
[Sat Apr 02 22:20:07.704016 2022] [ssl:warn] [pid 11800:tid 584] AH01909: www.example.com:443:0 server certificate does NOT include an ID which matches the server name
[Sat Apr 02 22:20:07.735365 2022] [core:warn] [pid 11800:tid 584] AH00098: pid file C:/xampp/apache/logs/httpd.pid overwritten -- Unclean shutdown of previous Apache run?
[Sat Apr 02 22:20:07.737879 2022] [ssl:warn] [pid 11800:tid 584] AH01909: www.example.com:443:0 server certificate does NOT include an ID which matches the server name
PHP Warning:  'C:\\Windows\\SYSTEM32\\VCRUNTIME140.dll' 14.13 is not compatible with this PHP build linked with 14.29 in Unknown on line 0
[Sat Apr 02 22:20:07.748880 2022] [:emerg] [pid 11800:tid 584] AH00020: Configuration Failed, exiting
[Sat Apr 02 22:20:09.164303 2022] [ssl:warn] [pid 19744:tid 620] AH01909: www.example.com:443:0 server certificate does NOT include an ID which matches the server name
[Sat Apr 02 22:20:09.197404 2022] [core:warn] [pid 19744:tid 620] AH00098: pid file C:/xampp/apache/logs/httpd.pid overwritten -- Unclean shutdown of previous Apache run?
[Sat Apr 02 22:20:09.199914 2022] [ssl:warn] [pid 19744:tid 620] AH01909: www.example.com:443:0 server certificate does NOT include an ID which matches the server name
PHP Warning:  'C:\\Windows\\SYSTEM32\\VCRUNTIME140.dll' 14.13 is not compatible with this PHP build linked with 14.29 in Unknown on line 0
[Sat Apr 02 22:20:09.210878 2022] [:emerg] [pid 19744:tid 620] AH00020: Configuration Failed, exiting
[Sat Apr 02 22:21:47.782433 2022] [ssl:warn] [pid 20980:tid 588] AH01909: www.example.com:443:0 server certificate does NOT include an ID which matches the server name
[Sat Apr 02 22:21:47.814240 2022] [core:warn] [pid 20980:tid 588] AH00098: pid file C:/xampp/apache/logs/httpd.pid overwritten -- Unclean shutdown of previous Apache run?
[Sat Apr 02 22:21:47.815892 2022] [ssl:warn] [pid 20980:tid 588] AH01909: www.example.com:443:0 server certificate does NOT include an ID which matches the server name
PHP Warning:  'C:\\Windows\\SYSTEM32\\VCRUNTIME140.dll' 14.13 is not compatible with this PHP build linked with 14.29 in Unknown on line 0
[Sat Apr 02 22:21:47.828114 2022] [:emerg] [pid 20980:tid 588] AH00020: Configuration Failed, exiting
[Sat Apr 02 22:21:49.591771 2022] [ssl:warn] [pid 22388:tid 620] AH01909: www.example.com:443:0 server certificate does NOT include an ID which matches the server name
[Sat Apr 02 22:21:49.625323 2022] [core:warn] [pid 22388:tid 620] AH00098: pid file C:/xampp/apache/logs/httpd.pid overwritten -- Unclean shutdown of previous Apache run?
[Sat Apr 02 22:21:49.627319 2022] [ssl:warn] [pid 22388:tid 620] AH01909: www.example.com:443:0 server certificate does NOT include an ID which matches the server name
PHP Warning:  'C:\\Windows\\SYSTEM32\\VCRUNTIME140.dll' 14.13 is not compatible with this PHP build linked with 14.29 in Unknown on line 0
[Sat Apr 02 22:21:49.639278 2022] [:emerg] [pid 22388:tid 620] AH00020: Configuration Failed, exiting
[Sat Apr 02 22:22:13.119066 2022] [ssl:warn] [pid 13440:tid 600] AH01909: www.example.com:443:0 server certificate does NOT include an ID which matches the server name
[Sat Apr 02 22:22:13.151434 2022] [core:warn] [pid 13440:tid 600] AH00098: pid file C:/xampp/apache/logs/httpd.pid overwritten -- Unclean shutdown of previous Apache run?
[Sat Apr 02 22:22:13.153427 2022] [ssl:warn] [pid 13440:tid 600] AH01909: www.example.com:443:0 server certificate does NOT include an ID which matches the server name
PHP Warning:  'C:\\Windows\\SYSTEM32\\VCRUNTIME140.dll' 14.13 is not compatible with this PHP build linked with 14.29 in Unknown on line 0
[Sat Apr 02 22:22:13.165562 2022] [:emerg] [pid 13440:tid 600] AH00020: Configuration Failed, exiting
[Sat Apr 02 22:22:14.422196 2022] [ssl:warn] [pid 15864:tid 608] AH01909: www.example.com:443:0 server certificate does NOT include an ID which matches the server name
[Sat Apr 02 22:22:14.453030 2022] [core:warn] [pid 15864:tid 608] AH00098: pid file C:/xampp/apache/logs/httpd.pid overwritten -- Unclean shutdown of previous Apache run?
[Sat Apr 02 22:22:14.455023 2022] [ssl:warn] [pid 15864:tid 608] AH01909: www.example.com:443:0 server certificate does NOT include an ID which matches the server name
PHP Warning:  'C:\\Windows\\SYSTEM32\\VCRUNTIME140.dll' 14.13 is not compatible with this PHP build linked with 14.29 in Unknown on line 0
[Sat Apr 02 22:22:14.466487 2022] [:emerg] [pid 15864:tid 608] AH00020: Configuration Failed, exiting
[Sat Apr 02 22:22:36.550805 2022] [ssl:warn] [pid 13528:tid 640] AH01909: www.example.com:443:0 server certificate does NOT include an ID which matches the server name
[Sat Apr 02 22:22:36.581709 2022] [core:warn] [pid 13528:tid 640] AH00098: pid file C:/xampp/apache/logs/httpd.pid overwritten -- Unclean shutdown of previous Apache run?
[Sat Apr 02 22:22:36.583702 2022] [ssl:warn] [pid 13528:tid 640] AH01909: www.example.com:443:0 server certificate does NOT include an ID which matches the server name
PHP Warning:  'C:\\Windows\\SYSTEM32\\VCRUNTIME140.dll' 14.13 is not compatible with this PHP build linked with 14.29 in Unknown on line 0
[Sat Apr 02 22:22:36.594665 2022] [:emerg] [pid 13528:tid 640] AH00020: Configuration Failed, exiting
[Sat Apr 02 22:22:37.988042 2022] [ssl:warn] [pid 22824:tid 628] AH01909: www.example.com:443:0 server certificate does NOT include an ID which matches the server name
[Sat Apr 02 22:22:38.017152 2022] [core:warn] [pid 22824:tid 628] AH00098: pid file C:/xampp/apache/logs/httpd.pid overwritten -- Unclean shutdown of previous Apache run?
[Sat Apr 02 22:22:38.020145 2022] [ssl:warn] [pid 22824:tid 628] AH01909: www.example.com:443:0 server certificate does NOT include an ID which matches the server name
PHP Warning:  'C:\\Windows\\SYSTEM32\\VCRUNTIME140.dll' 14.13 is not compatible with this PHP build linked with 14.29 in Unknown on line 0
[Sat Apr 02 22:22:38.031102 2022] [:emerg] [pid 22824:tid 628] AH00020: Configuration Failed, exiting
[Sat Apr 02 22:22:39.070615 2022] [ssl:warn] [pid 22328:tid 616] AH01909: www.example.com:443:0 server certificate does NOT include an ID which matches the server name
[Sat Apr 02 22:22:39.103000 2022] [core:warn] [pid 22328:tid 616] AH00098: pid file C:/xampp/apache/logs/httpd.pid overwritten -- Unclean shutdown of previous Apache run?
[Sat Apr 02 22:22:39.104994 2022] [ssl:warn] [pid 22328:tid 616] AH01909: www.example.com:443:0 server certificate does NOT include an ID which matches the server name
PHP Warning:  'C:\\Windows\\SYSTEM32\\VCRUNTIME140.dll' 14.13 is not compatible with this PHP build linked with 14.29 in Unknown on line 0
[Sat Apr 02 22:22:39.116957 2022] [:emerg] [pid 22328:tid 616] AH00020: Configuration Failed, exiting
[Sat Apr 02 22:22:44.477752 2022] [ssl:warn] [pid 22216:tid 604] AH01909: www.example.com:443:0 server certificate does NOT include an ID which matches the server name
[Sat Apr 02 22:22:44.509648 2022] [core:warn] [pid 22216:tid 604] AH00098: pid file C:/xampp/apache/logs/httpd.pid overwritten -- Unclean shutdown of previous Apache run?
[Sat Apr 02 22:22:44.511641 2022] [ssl:warn] [pid 22216:tid 604] AH01909: www.example.com:443:0 server certificate does NOT include an ID which matches the server name
PHP Warning:  'C:\\Windows\\SYSTEM32\\VCRUNTIME140.dll' 14.13 is not compatible with this PHP build linked with 14.29 in Unknown on line 0
[Sat Apr 02 22:22:44.522606 2022] [:emerg] [pid 22216:tid 604] AH00020: Configuration Failed, exiting
[Sat Apr 02 22:22:45.944760 2022] [ssl:warn] [pid 20300:tid 540] AH01909: www.example.com:443:0 server certificate does NOT include an ID which matches the server name
[Sat Apr 02 22:22:45.979002 2022] [core:warn] [pid 20300:tid 540] AH00098: pid file C:/xampp/apache/logs/httpd.pid overwritten -- Unclean shutdown of previous Apache run?
[Sat Apr 02 22:22:45.981000 2022] [ssl:warn] [pid 20300:tid 540] AH01909: www.example.com:443:0 server certificate does NOT include an ID which matches the server name
PHP Warning:  'C:\\Windows\\SYSTEM32\\VCRUNTIME140.dll' 14.13 is not compatible with this PHP build linked with 14.29 in Unknown on line 0
[Sat Apr 02 22:22:45.992954 2022] [:emerg] [pid 20300:tid 540] AH00020: Configuration Failed, exiting
[Sat Apr 02 22:22:48.333637 2022] [ssl:warn] [pid 20928:tid 604] AH01909: www.example.com:443:0 server certificate does NOT include an ID which matches the server name
[Sat Apr 02 22:22:48.368843 2022] [core:warn] [pid 20928:tid 604] AH00098: pid file C:/xampp/apache/logs/httpd.pid overwritten -- Unclean shutdown of previous Apache run?
[Sat Apr 02 22:22:48.370343 2022] [ssl:warn] [pid 20928:tid 604] AH01909: www.example.com:443:0 server certificate does NOT include an ID which matches the server name
PHP Warning:  'C:\\Windows\\SYSTEM32\\VCRUNTIME140.dll' 14.13 is not compatible with this PHP build linked with 14.29 in Unknown on line 0
[Sat Apr 02 22:22:48.382312 2022] [:emerg] [pid 20928:tid 604] AH00020: Configuration Failed, exiting
[Sat Apr 02 22:24:55.184544 2022] [ssl:warn] [pid 2000:tid 580] AH01909: www.example.com:443:0 server certificate does NOT include an ID which matches the server name
[Sat Apr 02 22:24:55.215408 2022] [core:warn] [pid 2000:tid 580] AH00098: pid file C:/xampp/apache/logs/httpd.pid overwritten -- Unclean shutdown of previous Apache run?
[Sat Apr 02 22:24:55.217912 2022] [ssl:warn] [pid 2000:tid 580] AH01909: www.example.com:443:0 server certificate does NOT include an ID which matches the server name
PHP Warning:  'C:\\Windows\\SYSTEM32\\VCRUNTIME140.dll' 14.13 is not compatible with this PHP build linked with 14.29 in Unknown on line 0
[Sat Apr 02 22:24:55.229395 2022] [:emerg] [pid 2000:tid 580] AH00020: Configuration Failed, exiting
[Sat Apr 02 22:24:57.163340 2022] [ssl:warn] [pid 24212:tid 596] AH01909: www.example.com:443:0 server certificate does NOT include an ID which matches the server name
[Sat Apr 02 22:24:57.194512 2022] [core:warn] [pid 24212:tid 596] AH00098: pid file C:/xampp/apache/logs/httpd.pid overwritten -- Unclean shutdown of previous Apache run?
[Sat Apr 02 22:24:57.196402 2022] [ssl:warn] [pid 24212:tid 596] AH01909: www.example.com:443:0 server certificate does NOT include an ID which matches the server name
PHP Warning:  'C:\\Windows\\SYSTEM32\\VCRUNTIME140.dll' 14.13 is not compatible with this PHP build linked with 14.29 in Unknown on line 0
[Sat Apr 02 22:24:57.208729 2022] [:emerg] [pid 24212:tid 596] AH00020: Configuration Failed, exiting
[Sat Apr 02 22:24:58.857138 2022] [ssl:warn] [pid 22768:tid 592] AH01909: www.example.com:443:0 server certificate does NOT include an ID which matches the server name
[Sat Apr 02 22:24:58.891906 2022] [core:warn] [pid 22768:tid 592] AH00098: pid file C:/xampp/apache/logs/httpd.pid overwritten -- Unclean shutdown of previous Apache run?
[Sat Apr 02 22:24:58.894393 2022] [ssl:warn] [pid 22768:tid 592] AH01909: www.example.com:443:0 server certificate does NOT include an ID which matches the server name
PHP Warning:  'C:\\Windows\\SYSTEM32\\VCRUNTIME140.dll' 14.13 is not compatible with this PHP build linked with 14.29 in Unknown on line 0
[Sat Apr 02 22:24:58.906303 2022] [:emerg] [pid 22768:tid 592] AH00020: Configuration Failed, exiting
[Sat Apr 02 22:25:00.602151 2022] [ssl:warn] [pid 19932:tid 580] AH01909: www.example.com:443:0 server certificate does NOT include an ID which matches the server name
[Sat Apr 02 22:25:00.635222 2022] [core:warn] [pid 19932:tid 580] AH00098: pid file C:/xampp/apache/logs/httpd.pid overwritten -- Unclean shutdown of previous Apache run?
[Sat Apr 02 22:25:00.637663 2022] [ssl:warn] [pid 19932:tid 580] AH01909: www.example.com:443:0 server certificate does NOT include an ID which matches the server name
PHP Warning:  'C:\\Windows\\SYSTEM32\\VCRUNTIME140.dll' 14.13 is not compatible with this PHP build linked with 14.29 in Unknown on line 0
[Sat Apr 02 22:25:00.648875 2022] [:emerg] [pid 19932:tid 580] AH00020: Configuration Failed, exiting
[Sat Apr 02 22:25:53.361007 2022] [ssl:warn] [pid 11260:tid 616] AH01909: www.example.com:443:0 server certificate does NOT include an ID which matches the server name
[Sat Apr 02 22:25:53.399946 2022] [core:warn] [pid 11260:tid 616] AH00098: pid file C:/xampp/apache/logs/httpd.pid overwritten -- Unclean shutdown of previous Apache run?
[Sat Apr 02 22:25:53.401948 2022] [ssl:warn] [pid 11260:tid 616] AH01909: www.example.com:443:0 server certificate does NOT include an ID which matches the server name
PHP Warning:  'C:\\Windows\\SYSTEM32\\VCRUNTIME140.dll' 14.13 is not compatible with this PHP build linked with 14.29 in Unknown on line 0
[Sat Apr 02 22:25:53.414995 2022] [:emerg] [pid 11260:tid 616] AH00020: Configuration Failed, exiting
[Sat Apr 02 22:26:22.505157 2022] [ssl:warn] [pid 20344:tid 592] AH01909: www.example.com:443:0 server certificate does NOT include an ID which matches the server name
[Sat Apr 02 22:26:22.538889 2022] [core:warn] [pid 20344:tid 592] AH00098: pid file C:/xampp/apache/logs/httpd.pid overwritten -- Unclean shutdown of previous Apache run?
[Sat Apr 02 22:26:22.541284 2022] [ssl:warn] [pid 20344:tid 592] AH01909: www.example.com:443:0 server certificate does NOT include an ID which matches the server name
PHP Warning:  'C:\\Windows\\SYSTEM32\\VCRUNTIME140.dll' 14.13 is not compatible with this PHP build linked with 14.29 in Unknown on line 0
[Sat Apr 02 22:26:22.552247 2022] [:emerg] [pid 20344:tid 592] AH00020: Configuration Failed, exiting
[Sat Apr 02 22:26:26.197676 2022] [ssl:warn] [pid 5704:tid 612] AH01909: www.example.com:443:0 server certificate does NOT include an ID which matches the server name
[Sat Apr 02 22:26:26.229572 2022] [core:warn] [pid 5704:tid 612] AH00098: pid file C:/xampp/apache/logs/httpd.pid overwritten -- Unclean shutdown of previous Apache run?
[Sat Apr 02 22:26:26.232562 2022] [ssl:warn] [pid 5704:tid 612] AH01909: www.example.com:443:0 server certificate does NOT include an ID which matches the server name
PHP Warning:  'C:\\Windows\\SYSTEM32\\VCRUNTIME140.dll' 14.13 is not compatible with this PHP build linked with 14.29 in Unknown on line 0
[Sat Apr 02 22:26:26.243525 2022] [:emerg] [pid 5704:tid 612] AH00020: Configuration Failed, exiting
[Sat Apr 02 22:28:55.136592 2022] [ssl:warn] [pid 20256:tid 636] AH01909: www.example.com:443:0 server certificate does NOT include an ID which matches the server name
[Sat Apr 02 22:28:55.167825 2022] [core:warn] [pid 20256:tid 636] AH00098: pid file C:/xampp/apache/logs/httpd.pid overwritten -- Unclean shutdown of previous Apache run?
[Sat Apr 02 22:28:55.169856 2022] [ssl:warn] [pid 20256:tid 636] AH01909: www.example.com:443:0 server certificate does NOT include an ID which matches the server name
PHP Warning:  'C:\\Windows\\SYSTEM32\\VCRUNTIME140.dll' 14.13 is not compatible with this PHP build linked with 14.29 in Unknown on line 0
[Sat Apr 02 22:28:55.180782 2022] [:emerg] [pid 20256:tid 636] AH00020: Configuration Failed, exiting
[Sun Apr 03 12:08:20.592703 2022] [ssl:warn] [pid 22752:tid 608] AH01909: www.example.com:443:0 server certificate does NOT include an ID which matches the server name
[Sun Apr 03 12:08:20.626213 2022] [core:warn] [pid 22752:tid 608] AH00098: pid file C:/xampp/apache/logs/httpd.pid overwritten -- Unclean shutdown of previous Apache run?
[Sun Apr 03 12:08:20.628206 2022] [ssl:warn] [pid 22752:tid 608] AH01909: www.example.com:443:0 server certificate does NOT include an ID which matches the server name
PHP Warning:  'C:\\Windows\\SYSTEM32\\VCRUNTIME140.dll' 14.13 is not compatible with this PHP build linked with 14.29 in Unknown on line 0
[Sun Apr 03 12:08:20.654040 2022] [:emerg] [pid 22752:tid 608] AH00020: Configuration Failed, exiting
[Sun Apr 03 12:09:57.915358 2022] [ssl:warn] [pid 18104:tid 600] AH01909: www.example.com:443:0 server certificate does NOT include an ID which matches the server name
[Sun Apr 03 12:09:57.949851 2022] [core:warn] [pid 18104:tid 600] AH00098: pid file C:/xampp/apache/logs/httpd.pid overwritten -- Unclean shutdown of previous Apache run?
[Sun Apr 03 12:09:57.951796 2022] [ssl:warn] [pid 18104:tid 600] AH01909: www.example.com:443:0 server certificate does NOT include an ID which matches the server name
PHP Warning:  'C:\\Windows\\SYSTEM32\\VCRUNTIME140.dll' 14.13 is not compatible with this PHP build linked with 14.29 in Unknown on line 0
[Sun Apr 03 12:09:57.963341 2022] [:emerg] [pid 18104:tid 600] AH00020: Configuration Failed, exiting
[Sun Apr 03 12:10:01.857060 2022] [ssl:warn] [pid 12188:tid 628] AH01909: www.example.com:443:0 server certificate does NOT include an ID which matches the server name
[Sun Apr 03 12:10:01.892866 2022] [core:warn] [pid 12188:tid 628] AH00098: pid file C:/xampp/apache/logs/httpd.pid overwritten -- Unclean shutdown of previous Apache run?
[Sun Apr 03 12:10:01.894856 2022] [ssl:warn] [pid 12188:tid 628] AH01909: www.example.com:443:0 server certificate does NOT include an ID which matches the server name
PHP Warning:  'C:\\Windows\\SYSTEM32\\VCRUNTIME140.dll' 14.13 is not compatible with this PHP build linked with 14.29 in Unknown on line 0
[Sun Apr 03 12:10:01.905848 2022] [:emerg] [pid 12188:tid 628] AH00020: Configuration Failed, exiting
[Sun Apr 03 12:10:03.314740 2022] [ssl:warn] [pid 22532:tid 612] AH01909: www.example.com:443:0 server certificate does NOT include an ID which matches the server name
[Sun Apr 03 12:10:03.343953 2022] [core:warn] [pid 22532:tid 612] AH00098: pid file C:/xampp/apache/logs/httpd.pid overwritten -- Unclean shutdown of previous Apache run?
[Sun Apr 03 12:10:03.345905 2022] [ssl:warn] [pid 22532:tid 612] AH01909: www.example.com:443:0 server certificate does NOT include an ID which matches the server name
PHP Warning:  'C:\\Windows\\SYSTEM32\\VCRUNTIME140.dll' 14.13 is not compatible with this PHP build linked with 14.29 in Unknown on line 0
[Sun Apr 03 12:10:03.357543 2022] [:emerg] [pid 22532:tid 612] AH00020: Configuration Failed, exiting
[Sun Apr 03 12:10:04.961549 2022] [ssl:warn] [pid 17724:tid 148] AH01909: www.example.com:443:0 server certificate does NOT include an ID which matches the server name
[Sun Apr 03 12:10:04.998151 2022] [core:warn] [pid 17724:tid 148] AH00098: pid file C:/xampp/apache/logs/httpd.pid overwritten -- Unclean shutdown of previous Apache run?
[Sun Apr 03 12:10:05.000152 2022] [ssl:warn] [pid 17724:tid 148] AH01909: www.example.com:443:0 server certificate does NOT include an ID which matches the server name
PHP Warning:  'C:\\Windows\\SYSTEM32\\VCRUNTIME140.dll' 14.13 is not compatible with this PHP build linked with 14.29 in Unknown on line 0
[Sun Apr 03 12:10:05.011107 2022] [:emerg] [pid 17724:tid 148] AH00020: Configuration Failed, exiting
[Sun Apr 03 12:10:55.623496 2022] [ssl:warn] [pid 18244:tid 612] AH01909: www.example.com:443:0 server certificate does NOT include an ID which matches the server name
[Sun Apr 03 12:10:55.658212 2022] [core:warn] [pid 18244:tid 612] AH00098: pid file C:/xampp/apache/logs/httpd.pid overwritten -- Unclean shutdown of previous Apache run?
[Sun Apr 03 12:10:55.660210 2022] [ssl:warn] [pid 18244:tid 612] AH01909: www.example.com:443:0 server certificate does NOT include an ID which matches the server name
PHP Warning:  'C:\\Windows\\SYSTEM32\\VCRUNTIME140.dll' 14.13 is not compatible with this PHP build linked with 14.29 in Unknown on line 0
[Sun Apr 03 12:10:55.670703 2022] [:emerg] [pid 18244:tid 612] AH00020: Configuration Failed, exiting
[Sun Apr 03 12:10:59.157454 2022] [ssl:warn] [pid 736:tid 608] AH01909: www.example.com:443:0 server certificate does NOT include an ID which matches the server name
[Sun Apr 03 12:10:59.190245 2022] [core:warn] [pid 736:tid 608] AH00098: pid file C:/xampp/apache/logs/httpd.pid overwritten -- Unclean shutdown of previous Apache run?
[Sun Apr 03 12:10:59.192589 2022] [ssl:warn] [pid 736:tid 608] AH01909: www.example.com:443:0 server certificate does NOT include an ID which matches the server name
PHP Warning:  'C:\\Windows\\SYSTEM32\\VCRUNTIME140.dll' 14.13 is not compatible with this PHP build linked with 14.29 in Unknown on line 0
[Sun Apr 03 12:10:59.204191 2022] [:emerg] [pid 736:tid 608] AH00020: Configuration Failed, exiting
[Sun Apr 03 12:14:42.937785 2022] [ssl:warn] [pid 2016:tid 620] AH01909: www.example.com:443:0 server certificate does NOT include an ID which matches the server name
[Sun Apr 03 12:14:42.971426 2022] [core:warn] [pid 2016:tid 620] AH00098: pid file C:/xampp/apache/logs/httpd.pid overwritten -- Unclean shutdown of previous Apache run?
[Sun Apr 03 12:14:42.973420 2022] [ssl:warn] [pid 2016:tid 620] AH01909: www.example.com:443:0 server certificate does NOT include an ID which matches the server name
PHP Warning:  'C:\\Windows\\SYSTEM32\\VCRUNTIME140.dll' 14.13 is not compatible with this PHP build linked with 14.29 in Unknown on line 0
[Sun Apr 03 12:14:43.105181 2022] [:emerg] [pid 2016:tid 620] AH00020: Configuration Failed, exiting
[Sun Apr 03 12:15:26.377897 2022] [ssl:warn] [pid 23616:tid 588] AH01909: www.example.com:443:0 server certificate does NOT include an ID which matches the server name
[Sun Apr 03 12:15:26.413204 2022] [core:warn] [pid 23616:tid 588] AH00098: pid file C:/xampp/apache/logs/httpd.pid overwritten -- Unclean shutdown of previous Apache run?
[Sun Apr 03 12:15:26.415200 2022] [ssl:warn] [pid 23616:tid 588] AH01909: www.example.com:443:0 server certificate does NOT include an ID which matches the server name
PHP Warning:  'C:\\Windows\\SYSTEM32\\VCRUNTIME140.dll' 14.13 is not compatible with this PHP build linked with 14.29 in Unknown on line 0
[Sun Apr 03 12:15:26.427158 2022] [:emerg] [pid 23616:tid 588] AH00020: Configuration Failed, exiting
[Sun Apr 03 12:15:29.765301 2022] [ssl:warn] [pid 4100:tid 164] AH01909: www.example.com:443:0 server certificate does NOT include an ID which matches the server name
[Sun Apr 03 12:15:29.798374 2022] [core:warn] [pid 4100:tid 164] AH00098: pid file C:/xampp/apache/logs/httpd.pid overwritten -- Unclean shutdown of previous Apache run?
[Sun Apr 03 12:15:29.800934 2022] [ssl:warn] [pid 4100:tid 164] AH01909: www.example.com:443:0 server certificate does NOT include an ID which matches the server name
PHP Warning:  'C:\\Windows\\SYSTEM32\\VCRUNTIME140.dll' 14.13 is not compatible with this PHP build linked with 14.29 in Unknown on line 0
[Sun Apr 03 12:15:29.811597 2022] [:emerg] [pid 4100:tid 164] AH00020: Configuration Failed, exiting
[Sun Apr 03 12:17:15.523480 2022] [ssl:warn] [pid 13832:tid 600] AH01909: www.example.com:443:0 server certificate does NOT include an ID which matches the server name
[Sun Apr 03 12:17:15.556431 2022] [core:warn] [pid 13832:tid 600] AH00098: pid file C:/xampp/apache/logs/httpd.pid overwritten -- Unclean shutdown of previous Apache run?
[Sun Apr 03 12:17:15.559422 2022] [ssl:warn] [pid 13832:tid 600] AH01909: www.example.com:443:0 server certificate does NOT include an ID which matches the server name
PHP Warning:  'C:\\Windows\\SYSTEM32\\VCRUNTIME140.dll' 14.13 is not compatible with this PHP build linked with 14.29 in Unknown on line 0
[Sun Apr 03 12:17:15.570884 2022] [:emerg] [pid 13832:tid 600] AH00020: Configuration Failed, exiting
[Sun Apr 03 12:19:13.876697 2022] [ssl:warn] [pid 23364:tid 624] AH01909: www.example.com:443:0 server certificate does NOT include an ID which matches the server name
[Sun Apr 03 12:19:13.909097 2022] [core:warn] [pid 23364:tid 624] AH00098: pid file C:/xampp/apache/logs/httpd.pid overwritten -- Unclean shutdown of previous Apache run?
[Sun Apr 03 12:19:13.912087 2022] [ssl:warn] [pid 23364:tid 624] AH01909: www.example.com:443:0 server certificate does NOT include an ID which matches the server name
PHP Warning:  'C:\\Windows\\SYSTEM32\\VCRUNTIME140.dll' 14.13 is not compatible with this PHP build linked with 14.29 in Unknown on line 0
[Sun Apr 03 12:19:13.922499 2022] [:emerg] [pid 23364:tid 624] AH00020: Configuration Failed, exiting
[Sun Apr 03 12:19:19.660791 2022] [ssl:warn] [pid 18960:tid 592] AH01909: www.example.com:443:0 server certificate does NOT include an ID which matches the server name
[Sun Apr 03 12:19:19.694966 2022] [core:warn] [pid 18960:tid 592] AH00098: pid file C:/xampp/apache/logs/httpd.pid overwritten -- Unclean shutdown of previous Apache run?
[Sun Apr 03 12:19:19.696944 2022] [ssl:warn] [pid 18960:tid 592] AH01909: www.example.com:443:0 server certificate does NOT include an ID which matches the server name
PHP Warning:  'C:\\Windows\\SYSTEM32\\VCRUNTIME140.dll' 14.13 is not compatible with this PHP build linked with 14.29 in Unknown on line 0
[Sun Apr 03 12:19:19.708561 2022] [:emerg] [pid 18960:tid 592] AH00020: Configuration Failed, exiting
[Sun Apr 03 12:19:20.924078 2022] [ssl:warn] [pid 4292:tid 624] AH01909: www.example.com:443:0 server certificate does NOT include an ID which matches the server name
[Sun Apr 03 12:19:20.956276 2022] [core:warn] [pid 4292:tid 624] AH00098: pid file C:/xampp/apache/logs/httpd.pid overwritten -- Unclean shutdown of previous Apache run?
[Sun Apr 03 12:19:20.959316 2022] [ssl:warn] [pid 4292:tid 624] AH01909: www.example.com:443:0 server certificate does NOT include an ID which matches the server name
PHP Warning:  'C:\\Windows\\SYSTEM32\\VCRUNTIME140.dll' 14.13 is not compatible with this PHP build linked with 14.29 in Unknown on line 0
[Sun Apr 03 12:19:20.972222 2022] [:emerg] [pid 4292:tid 624] AH00020: Configuration Failed, exiting
[Sun Apr 03 12:19:21.644763 2022] [ssl:warn] [pid 1952:tid 592] AH01909: www.example.com:443:0 server certificate does NOT include an ID which matches the server name
[Sun Apr 03 12:19:21.675799 2022] [core:warn] [pid 1952:tid 592] AH00098: pid file C:/xampp/apache/logs/httpd.pid overwritten -- Unclean shutdown of previous Apache run?
[Sun Apr 03 12:19:21.678788 2022] [ssl:warn] [pid 1952:tid 592] AH01909: www.example.com:443:0 server certificate does NOT include an ID which matches the server name
PHP Warning:  'C:\\Windows\\SYSTEM32\\VCRUNTIME140.dll' 14.13 is not compatible with this PHP build linked with 14.29 in Unknown on line 0
[Sun Apr 03 12:19:21.689792 2022] [:emerg] [pid 1952:tid 592] AH00020: Configuration Failed, exiting
[Sun Apr 03 12:19:31.847615 2022] [ssl:warn] [pid 20540:tid 632] AH01909: www.example.com:443:0 server certificate does NOT include an ID which matches the server name
[Sun Apr 03 12:19:31.878198 2022] [core:warn] [pid 20540:tid 632] AH00098: pid file C:/xampp/apache/logs/httpd.pid overwritten -- Unclean shutdown of previous Apache run?
[Sun Apr 03 12:19:31.880191 2022] [ssl:warn] [pid 20540:tid 632] AH01909: www.example.com:443:0 server certificate does NOT include an ID which matches the server name
PHP Warning:  'C:\\Windows\\SYSTEM32\\VCRUNTIME140.dll' 14.13 is not compatible with this PHP build linked with 14.29 in Unknown on line 0
[Sun Apr 03 12:19:31.891999 2022] [:emerg] [pid 20540:tid 632] AH00020: Configuration Failed, exiting
[Sun Apr 03 12:22:10.460409 2022] [ssl:warn] [pid 10436:tid 592] AH01909: www.example.com:443:0 server certificate does NOT include an ID which matches the server name
[Sun Apr 03 12:22:10.494066 2022] [core:warn] [pid 10436:tid 592] AH00098: pid file C:/xampp/apache/logs/httpd.pid overwritten -- Unclean shutdown of previous Apache run?
[Sun Apr 03 12:22:10.496060 2022] [ssl:warn] [pid 10436:tid 592] AH01909: www.example.com:443:0 server certificate does NOT include an ID which matches the server name
PHP Warning:  'C:\\Windows\\SYSTEM32\\VCRUNTIME140.dll' 14.13 is not compatible with this PHP build linked with 14.29 in Unknown on line 0
[Sun Apr 03 12:22:10.507025 2022] [:emerg] [pid 10436:tid 592] AH00020: Configuration Failed, exiting
[Sun Apr 03 12:33:17.203353 2022] [ssl:warn] [pid 12616:tid 556] AH01909: www.example.com:443:0 server certificate does NOT include an ID which matches the server name
[Sun Apr 03 12:33:17.234687 2022] [core:warn] [pid 12616:tid 556] AH00098: pid file C:/xampp/apache/logs/httpd.pid overwritten -- Unclean shutdown of previous Apache run?
[Sun Apr 03 12:33:17.236680 2022] [ssl:warn] [pid 12616:tid 556] AH01909: www.example.com:443:0 server certificate does NOT include an ID which matches the server name
PHP Warning:  'C:\\Windows\\SYSTEM32\\VCRUNTIME140.dll' 14.13 is not compatible with this PHP build linked with 14.29 in Unknown on line 0
[Sun Apr 03 12:33:17.248639 2022] [:emerg] [pid 12616:tid 556] AH00020: Configuration Failed, exiting
[Sun Apr 03 12:33:18.385162 2022] [ssl:warn] [pid 22028:tid 628] AH01909: www.example.com:443:0 server certificate does NOT include an ID which matches the server name
[Sun Apr 03 12:33:18.420046 2022] [core:warn] [pid 22028:tid 628] AH00098: pid file C:/xampp/apache/logs/httpd.pid overwritten -- Unclean shutdown of previous Apache run?
[Sun Apr 03 12:33:18.422543 2022] [ssl:warn] [pid 22028:tid 628] AH01909: www.example.com:443:0 server certificate does NOT include an ID which matches the server name
PHP Warning:  'C:\\Windows\\SYSTEM32\\VCRUNTIME140.dll' 14.13 is not compatible with this PHP build linked with 14.29 in Unknown on line 0
[Sun Apr 03 12:33:18.433505 2022] [:emerg] [pid 22028:tid 628] AH00020: Configuration Failed, exiting
[Sun Apr 03 12:33:19.171741 2022] [ssl:warn] [pid 8596:tid 596] AH01909: www.example.com:443:0 server certificate does NOT include an ID which matches the server name
[Sun Apr 03 12:33:19.203863 2022] [core:warn] [pid 8596:tid 596] AH00098: pid file C:/xampp/apache/logs/httpd.pid overwritten -- Unclean shutdown of previous Apache run?
[Sun Apr 03 12:33:19.206260 2022] [ssl:warn] [pid 8596:tid 596] AH01909: www.example.com:443:0 server certificate does NOT include an ID which matches the server name
PHP Warning:  'C:\\Windows\\SYSTEM32\\VCRUNTIME140.dll' 14.13 is not compatible with this PHP build linked with 14.29 in Unknown on line 0
[Sun Apr 03 12:33:19.219423 2022] [:emerg] [pid 8596:tid 596] AH00020: Configuration Failed, exiting
[Sun Apr 03 12:33:20.054683 2022] [ssl:warn] [pid 6340:tid 600] AH01909: www.example.com:443:0 server certificate does NOT include an ID which matches the server name
[Sun Apr 03 12:33:20.088090 2022] [core:warn] [pid 6340:tid 600] AH00098: pid file C:/xampp/apache/logs/httpd.pid overwritten -- Unclean shutdown of previous Apache run?
[Sun Apr 03 12:33:20.091079 2022] [ssl:warn] [pid 6340:tid 600] AH01909: www.example.com:443:0 server certificate does NOT include an ID which matches the server name
PHP Warning:  'C:\\Windows\\SYSTEM32\\VCRUNTIME140.dll' 14.13 is not compatible with this PHP build linked with 14.29 in Unknown on line 0
[Sun Apr 03 12:33:20.107560 2022] [:emerg] [pid 6340:tid 600] AH00020: Configuration Failed, exiting
[Sun Apr 03 12:33:20.281359 2022] [ssl:warn] [pid 24424:tid 656] AH01909: www.example.com:443:0 server certificate does NOT include an ID which matches the server name
[Sun Apr 03 12:33:21.097731 2022] [ssl:warn] [pid 13424:tid 604] AH01909: www.example.com:443:0 server certificate does NOT include an ID which matches the server name
[Sun Apr 03 12:33:21.129388 2022] [core:warn] [pid 13424:tid 604] AH00098: pid file C:/xampp/apache/logs/httpd.pid overwritten -- Unclean shutdown of previous Apache run?
[Sun Apr 03 12:33:21.131801 2022] [ssl:warn] [pid 13424:tid 604] AH01909: www.example.com:443:0 server certificate does NOT include an ID which matches the server name
PHP Warning:  'C:\\Windows\\SYSTEM32\\VCRUNTIME140.dll' 14.13 is not compatible with this PHP build linked with 14.29 in Unknown on line 0
[Sun Apr 03 12:33:21.149254 2022] [:emerg] [pid 13424:tid 604] AH00020: Configuration Failed, exiting
[Sun Apr 03 12:33:21.974968 2022] [ssl:warn] [pid 11424:tid 600] AH01909: www.example.com:443:0 server certificate does NOT include an ID which matches the server name
[Sun Apr 03 12:33:22.008875 2022] [core:warn] [pid 11424:tid 600] AH00098: pid file C:/xampp/apache/logs/httpd.pid overwritten -- Unclean shutdown of previous Apache run?
[Sun Apr 03 12:33:22.011379 2022] [ssl:warn] [pid 11424:tid 600] AH01909: www.example.com:443:0 server certificate does NOT include an ID which matches the server name
PHP Warning:  'C:\\Windows\\SYSTEM32\\VCRUNTIME140.dll' 14.13 is not compatible with this PHP build linked with 14.29 in Unknown on line 0
[Sun Apr 03 12:33:22.027946 2022] [:emerg] [pid 11424:tid 600] AH00020: Configuration Failed, exiting
[Sun Apr 03 12:33:22.206582 2022] [ssl:warn] [pid 11228:tid 540] AH01909: www.example.com:443:0 server certificate does NOT include an ID which matches the server name
[Sun Apr 03 12:33:22.246892 2022] [core:warn] [pid 11228:tid 540] AH00098: pid file C:/xampp/apache/logs/httpd.pid overwritten -- Unclean shutdown of previous Apache run?
[Sun Apr 03 12:33:22.249421 2022] [ssl:warn] [pid 11228:tid 540] AH01909: www.example.com:443:0 server certificate does NOT include an ID which matches the server name
PHP Warning:  'C:\\Windows\\SYSTEM32\\VCRUNTIME140.dll' 14.13 is not compatible with this PHP build linked with 14.29 in Unknown on line 0
[Sun Apr 03 12:33:22.267059 2022] [:emerg] [pid 11228:tid 540] AH00020: Configuration Failed, exiting
[Sun Apr 03 12:33:22.326436 2022] [ssl:warn] [pid 21476:tid 668] AH01909: www.example.com:443:0 server certificate does NOT include an ID which matches the server name
[Sun Apr 03 12:33:22.362379 2022] [core:warn] [pid 21476:tid 668] AH00098: pid file C:/xampp/apache/logs/httpd.pid overwritten -- Unclean shutdown of previous Apache run?
[Sun Apr 03 12:33:22.364960 2022] [ssl:warn] [pid 21476:tid 668] AH01909: www.example.com:443:0 server certificate does NOT include an ID which matches the server name
PHP Warning:  'C:\\Windows\\SYSTEM32\\VCRUNTIME140.dll' 14.13 is not compatible with this PHP build linked with 14.29 in Unknown on line 0
[Sun Apr 03 12:33:22.382339 2022] [:emerg] [pid 21476:tid 668] AH00020: Configuration Failed, exiting
[Sun Apr 03 12:33:23.296740 2022] [ssl:warn] [pid 18420:tid 600] AH01909: www.example.com:443:0 server certificate does NOT include an ID which matches the server name
[Sun Apr 03 12:33:23.326589 2022] [core:warn] [pid 18420:tid 600] AH00098: pid file C:/xampp/apache/logs/httpd.pid overwritten -- Unclean shutdown of previous Apache run?
[Sun Apr 03 12:33:23.328583 2022] [ssl:warn] [pid 18420:tid 600] AH01909: www.example.com:443:0 server certificate does NOT include an ID which matches the server name
PHP Warning:  'C:\\Windows\\SYSTEM32\\VCRUNTIME140.dll' 14.13 is not compatible with this PHP build linked with 14.29 in Unknown on line 0
[Sun Apr 03 12:33:23.340550 2022] [:emerg] [pid 18420:tid 600] AH00020: Configuration Failed, exiting
[Sun Apr 03 12:37:44.211028 2022] [ssl:warn] [pid 19772:tid 660] AH01909: www.example.com:443:0 server certificate does NOT include an ID which matches the server name
[Sun Apr 03 12:37:44.248134 2022] [core:warn] [pid 19772:tid 660] AH00098: pid file C:/xampp/apache/logs/httpd.pid overwritten -- Unclean shutdown of previous Apache run?
[Sun Apr 03 12:37:44.251359 2022] [ssl:warn] [pid 19772:tid 660] AH01909: www.example.com:443:0 server certificate does NOT include an ID which matches the server name
PHP Warning:  'C:\\Windows\\SYSTEM32\\VCRUNTIME140.dll' 14.13 is not compatible with this PHP build linked with 14.29 in Unknown on line 0
[Sun Apr 03 12:37:44.265967 2022] [:emerg] [pid 19772:tid 660] AH00020: Configuration Failed, exiting
[Sun Apr 03 12:38:41.724860 2022] [ssl:warn] [pid 20200:tid 624] AH01909: www.example.com:443:0 server certificate does NOT include an ID which matches the server name
[Sun Apr 03 12:38:41.761957 2022] [core:warn] [pid 20200:tid 624] AH00098: pid file C:/xampp/apache/logs/httpd.pid overwritten -- Unclean shutdown of previous Apache run?
[Sun Apr 03 12:38:41.764790 2022] [ssl:warn] [pid 20200:tid 624] AH01909: www.example.com:443:0 server certificate does NOT include an ID which matches the server name
PHP Warning:  'C:\\Windows\\SYSTEM32\\VCRUNTIME140.dll' 14.13 is not compatible with this PHP build linked with 14.29 in Unknown on line 0
[Sun Apr 03 12:38:41.776502 2022] [:emerg] [pid 20200:tid 624] AH00020: Configuration Failed, exiting
[Sun Apr 03 12:39:47.932651 2022] [ssl:warn] [pid 24428:tid 568] AH01909: www.example.com:443:0 server certificate does NOT include an ID which matches the server name
[Sun Apr 03 12:39:47.962239 2022] [core:warn] [pid 24428:tid 568] AH00098: pid file C:/xampp/apache/logs/httpd.pid overwritten -- Unclean shutdown of previous Apache run?
[Sun Apr 03 12:39:47.964759 2022] [ssl:warn] [pid 24428:tid 568] AH01909: www.example.com:443:0 server certificate does NOT include an ID which matches the server name
PHP Warning:  'C:\\Windows\\SYSTEM32\\VCRUNTIME140.dll' 14.13 is not compatible with this PHP build linked with 14.29 in Unknown on line 0
[Sun Apr 03 12:39:47.976722 2022] [:emerg] [pid 24428:tid 568] AH00020: Configuration Failed, exiting
[Sun Apr 03 12:39:49.871496 2022] [ssl:warn] [pid 6100:tid 600] AH01909: www.example.com:443:0 server certificate does NOT include an ID which matches the server name
[Sun Apr 03 12:39:49.900494 2022] [core:warn] [pid 6100:tid 600] AH00098: pid file C:/xampp/apache/logs/httpd.pid overwritten -- Unclean shutdown of previous Apache run?
[Sun Apr 03 12:39:49.901853 2022] [ssl:warn] [pid 6100:tid 600] AH01909: www.example.com:443:0 server certificate does NOT include an ID which matches the server name
PHP Warning:  'C:\\Windows\\SYSTEM32\\VCRUNTIME140.dll' 14.13 is not compatible with this PHP build linked with 14.29 in Unknown on line 0
[Sun Apr 03 12:39:49.914073 2022] [:emerg] [pid 6100:tid 600] AH00020: Configuration Failed, exiting
[Sun Apr 03 12:40:27.399995 2022] [ssl:warn] [pid 11000:tid 616] AH01909: www.example.com:443:0 server certificate does NOT include an ID which matches the server name
[Sun Apr 03 12:40:27.431666 2022] [core:warn] [pid 11000:tid 616] AH00098: pid file C:/xampp/apache/logs/httpd.pid overwritten -- Unclean shutdown of previous Apache run?
[Sun Apr 03 12:40:27.433699 2022] [ssl:warn] [pid 11000:tid 616] AH01909: www.example.com:443:0 server certificate does NOT include an ID which matches the server name
PHP Warning:  'C:\\Windows\\SYSTEM32\\VCRUNTIME140.dll' 14.13 is not compatible with this PHP build linked with 14.29 in Unknown on line 0
[Sun Apr 03 12:40:27.446036 2022] [:emerg] [pid 11000:tid 616] AH00020: Configuration Failed, exiting
[Sun Apr 03 12:40:29.605894 2022] [ssl:warn] [pid 7380:tid 604] AH01909: www.example.com:443:0 server certificate does NOT include an ID which matches the server name
[Sun Apr 03 12:40:29.636486 2022] [core:warn] [pid 7380:tid 604] AH00098: pid file C:/xampp/apache/logs/httpd.pid overwritten -- Unclean shutdown of previous Apache run?
[Sun Apr 03 12:40:29.638593 2022] [ssl:warn] [pid 7380:tid 604] AH01909: www.example.com:443:0 server certificate does NOT include an ID which matches the server name
PHP Warning:  'C:\\Windows\\SYSTEM32\\VCRUNTIME140.dll' 14.13 is not compatible with this PHP build linked with 14.29 in Unknown on line 0
[Sun Apr 03 12:40:29.649568 2022] [:emerg] [pid 7380:tid 604] AH00020: Configuration Failed, exiting
[Sun Apr 03 12:41:04.820818 2022] [ssl:warn] [pid 19576:tid 592] AH01909: www.example.com:443:0 server certificate does NOT include an ID which matches the server name
[Sun Apr 03 12:41:04.851408 2022] [core:warn] [pid 19576:tid 592] AH00098: pid file C:/xampp/apache/logs/httpd.pid overwritten -- Unclean shutdown of previous Apache run?
[Sun Apr 03 12:41:04.853222 2022] [ssl:warn] [pid 19576:tid 592] AH01909: www.example.com:443:0 server certificate does NOT include an ID which matches the server name
PHP Warning:  'C:\\Windows\\SYSTEM32\\VCRUNTIME140.dll' 14.13 is not compatible with this PHP build linked with 14.29 in Unknown on line 0
[Sun Apr 03 12:41:04.865188 2022] [:emerg] [pid 19576:tid 592] AH00020: Configuration Failed, exiting
[Sun Apr 03 12:41:35.189469 2022] [ssl:warn] [pid 17300:tid 616] AH01909: www.example.com:443:0 server certificate does NOT include an ID which matches the server name
[Sun Apr 03 12:41:35.227266 2022] [core:warn] [pid 17300:tid 616] AH00098: pid file C:/xampp/apache/logs/httpd.pid overwritten -- Unclean shutdown of previous Apache run?
[Sun Apr 03 12:41:35.229023 2022] [ssl:warn] [pid 17300:tid 616] AH01909: www.example.com:443:0 server certificate does NOT include an ID which matches the server name
PHP Warning:  'C:\\Windows\\SYSTEM32\\VCRUNTIME140.dll' 14.13 is not compatible with this PHP build linked with 14.29 in Unknown on line 0
[Sun Apr 03 12:41:35.229023 2022] [:emerg] [pid 17300:tid 616] AH00020: Configuration Failed, exiting
[Sun Apr 03 12:43:48.479627 2022] [ssl:warn] [pid 14448:tid 684] AH01909: www.example.com:443:0 server certificate does NOT include an ID which matches the server name
[Sun Apr 03 12:43:48.509837 2022] [core:warn] [pid 14448:tid 684] AH00098: pid file C:/xampp/apache/logs/httpd.pid overwritten -- Unclean shutdown of previous Apache run?
[Sun Apr 03 12:43:48.509837 2022] [ssl:warn] [pid 14448:tid 684] AH01909: www.example.com:443:0 server certificate does NOT include an ID which matches the server name
PHP Warning:  'C:\\Windows\\SYSTEM32\\VCRUNTIME140.dll' 14.13 is not compatible with this PHP build linked with 14.29 in Unknown on line 0
[Sun Apr 03 12:43:48.525500 2022] [:emerg] [pid 14448:tid 684] AH00020: Configuration Failed, exiting
[Sun Apr 03 12:45:51.225097 2022] [ssl:warn] [pid 4600:tid 548] AH01909: www.example.com:443:0 server certificate does NOT include an ID which matches the server name
[Sun Apr 03 12:45:51.255276 2022] [core:warn] [pid 4600:tid 548] AH00098: pid file C:/xampp/apache/logs/httpd.pid overwritten -- Unclean shutdown of previous Apache run?
[Sun Apr 03 12:45:51.258270 2022] [ssl:warn] [pid 4600:tid 548] AH01909: www.example.com:443:0 server certificate does NOT include an ID which matches the server name
PHP Warning:  'C:\\Windows\\SYSTEM32\\VCRUNTIME140.dll' 14.13 is not compatible with this PHP build linked with 14.29 in Unknown on line 0
[Sun Apr 03 12:45:51.269046 2022] [:emerg] [pid 4600:tid 548] AH00020: Configuration Failed, exiting
[Sun Apr 03 12:46:18.201926 2022] [ssl:warn] [pid 18216:tid 600] AH01909: www.example.com:443:0 server certificate does NOT include an ID which matches the server name
[Sun Apr 03 12:46:18.236914 2022] [core:warn] [pid 18216:tid 600] AH00098: pid file C:/xampp/apache/logs/httpd.pid overwritten -- Unclean shutdown of previous Apache run?
[Sun Apr 03 12:46:18.239794 2022] [ssl:warn] [pid 18216:tid 600] AH01909: www.example.com:443:0 server certificate does NOT include an ID which matches the server name
PHP Warning:  'C:\\Windows\\SYSTEM32\\VCRUNTIME140.dll' 14.13 is not compatible with this PHP build linked with 14.29 in Unknown on line 0
[Sun Apr 03 12:46:18.251841 2022] [:emerg] [pid 18216:tid 600] AH00020: Configuration Failed, exiting
[Tue Apr 05 16:23:46.293936 2022] [ssl:warn] [pid 13720:tid 620] AH01909: www.example.com:443:0 server certificate does NOT include an ID which matches the server name
[Tue Apr 05 16:23:46.333668 2022] [core:warn] [pid 13720:tid 620] AH00098: pid file C:/xampp/apache/logs/httpd.pid overwritten -- Unclean shutdown of previous Apache run?
[Tue Apr 05 16:23:46.333668 2022] [ssl:warn] [pid 13720:tid 620] AH01909: www.example.com:443:0 server certificate does NOT include an ID which matches the server name
PHP Warning:  'C:\\Windows\\SYSTEM32\\VCRUNTIME140.dll' 14.13 is not compatible with this PHP build linked with 14.29 in Unknown on line 0
[Tue Apr 05 16:23:46.351317 2022] [:emerg] [pid 13720:tid 620] AH00020: Configuration Failed, exiting
[Tue Apr 05 16:23:53.061135 2022] [ssl:warn] [pid 25824:tid 520] AH01909: www.example.com:443:0 server certificate does NOT include an ID which matches the server name
[Tue Apr 05 16:23:53.093077 2022] [core:warn] [pid 25824:tid 520] AH00098: pid file C:/xampp/apache/logs/httpd.pid overwritten -- Unclean shutdown of previous Apache run?
[Tue Apr 05 16:23:53.093077 2022] [ssl:warn] [pid 25824:tid 520] AH01909: www.example.com:443:0 server certificate does NOT include an ID which matches the server name
PHP Warning:  'C:\\Windows\\SYSTEM32\\VCRUNTIME140.dll' 14.13 is not compatible with this PHP build linked with 14.29 in Unknown on line 0
[Tue Apr 05 16:23:53.109211 2022] [:emerg] [pid 25824:tid 520] AH00020: Configuration Failed, exiting
[Tue Apr 05 16:23:54.441150 2022] [ssl:warn] [pid 20400:tid 628] AH01909: www.example.com:443:0 server certificate does NOT include an ID which matches the server name
[Tue Apr 05 16:23:54.473092 2022] [core:warn] [pid 20400:tid 628] AH00098: pid file C:/xampp/apache/logs/httpd.pid overwritten -- Unclean shutdown of previous Apache run?
[Tue Apr 05 16:23:54.483950 2022] [ssl:warn] [pid 20400:tid 628] AH01909: www.example.com:443:0 server certificate does NOT include an ID which matches the server name
PHP Warning:  'C:\\Windows\\SYSTEM32\\VCRUNTIME140.dll' 14.13 is not compatible with this PHP build linked with 14.29 in Unknown on line 0
[Tue Apr 05 16:23:54.492973 2022] [:emerg] [pid 20400:tid 628] AH00020: Configuration Failed, exiting
[Tue Apr 05 16:23:55.351159 2022] [ssl:warn] [pid 14448:tid 600] AH01909: www.example.com:443:0 server certificate does NOT include an ID which matches the server name
[Tue Apr 05 16:23:55.383103 2022] [core:warn] [pid 14448:tid 600] AH00098: pid file C:/xampp/apache/logs/httpd.pid overwritten -- Unclean shutdown of previous Apache run?
[Tue Apr 05 16:23:55.383103 2022] [ssl:warn] [pid 14448:tid 600] AH01909: www.example.com:443:0 server certificate does NOT include an ID which matches the server name
PHP Warning:  'C:\\Windows\\SYSTEM32\\VCRUNTIME140.dll' 14.13 is not compatible with this PHP build linked with 14.29 in Unknown on line 0
[Tue Apr 05 16:23:55.393726 2022] [:emerg] [pid 14448:tid 600] AH00020: Configuration Failed, exiting
[Tue Apr 05 16:23:56.313886 2022] [ssl:warn] [pid 26916:tid 616] AH01909: www.example.com:443:0 server certificate does NOT include an ID which matches the server name
[Tue Apr 05 16:23:56.347166 2022] [core:warn] [pid 26916:tid 616] AH00098: pid file C:/xampp/apache/logs/httpd.pid overwritten -- Unclean shutdown of previous Apache run?
[Tue Apr 05 16:23:56.347166 2022] [ssl:warn] [pid 26916:tid 616] AH01909: www.example.com:443:0 server certificate does NOT include an ID which matches the server name
PHP Warning:  'C:\\Windows\\SYSTEM32\\VCRUNTIME140.dll' 14.13 is not compatible with this PHP build linked with 14.29 in Unknown on line 0
[Tue Apr 05 16:23:56.363106 2022] [:emerg] [pid 26916:tid 616] AH00020: Configuration Failed, exiting
[Tue Apr 05 16:23:57.354155 2022] [ssl:warn] [pid 21036:tid 588] AH01909: www.example.com:443:0 server certificate does NOT include an ID which matches the server name
[Tue Apr 05 16:23:57.387025 2022] [core:warn] [pid 21036:tid 588] AH00098: pid file C:/xampp/apache/logs/httpd.pid overwritten -- Unclean shutdown of previous Apache run?
[Tue Apr 05 16:23:57.395023 2022] [ssl:warn] [pid 21036:tid 588] AH01909: www.example.com:443:0 server certificate does NOT include an ID which matches the server name
PHP Warning:  'C:\\Windows\\SYSTEM32\\VCRUNTIME140.dll' 14.13 is not compatible with this PHP build linked with 14.29 in Unknown on line 0
[Tue Apr 05 16:23:57.403060 2022] [:emerg] [pid 21036:tid 588] AH00020: Configuration Failed, exiting
[Tue Apr 05 16:23:58.694041 2022] [ssl:warn] [pid 8264:tid 600] AH01909: www.example.com:443:0 server certificate does NOT include an ID which matches the server name
[Tue Apr 05 16:23:58.724128 2022] [core:warn] [pid 8264:tid 600] AH00098: pid file C:/xampp/apache/logs/httpd.pid overwritten -- Unclean shutdown of previous Apache run?
[Tue Apr 05 16:23:58.732977 2022] [ssl:warn] [pid 8264:tid 600] AH01909: www.example.com:443:0 server certificate does NOT include an ID which matches the server name
PHP Warning:  'C:\\Windows\\SYSTEM32\\VCRUNTIME140.dll' 14.13 is not compatible with this PHP build linked with 14.29 in Unknown on line 0
[Tue Apr 05 16:23:58.740973 2022] [:emerg] [pid 8264:tid 600] AH00020: Configuration Failed, exiting
[Tue Apr 05 16:23:59.384006 2022] [ssl:warn] [pid 26748:tid 596] AH01909: www.example.com:443:0 server certificate does NOT include an ID which matches the server name
[Tue Apr 05 16:23:59.421685 2022] [core:warn] [pid 26748:tid 596] AH00098: pid file C:/xampp/apache/logs/httpd.pid overwritten -- Unclean shutdown of previous Apache run?
[Tue Apr 05 16:23:59.421685 2022] [ssl:warn] [pid 26748:tid 596] AH01909: www.example.com:443:0 server certificate does NOT include an ID which matches the server name
PHP Warning:  'C:\\Windows\\SYSTEM32\\VCRUNTIME140.dll' 14.13 is not compatible with this PHP build linked with 14.29 in Unknown on line 0
[Tue Apr 05 16:23:59.429682 2022] [:emerg] [pid 26748:tid 596] AH00020: Configuration Failed, exiting
[Tue Apr 05 16:24:00.409070 2022] [ssl:warn] [pid 21700:tid 596] AH01909: www.example.com:443:0 server certificate does NOT include an ID which matches the server name
[Tue Apr 05 16:24:00.441029 2022] [core:warn] [pid 21700:tid 596] AH00098: pid file C:/xampp/apache/logs/httpd.pid overwritten -- Unclean shutdown of previous Apache run?
[Tue Apr 05 16:24:00.441029 2022] [ssl:warn] [pid 21700:tid 596] AH01909: www.example.com:443:0 server certificate does NOT include an ID which matches the server name
PHP Warning:  'C:\\Windows\\SYSTEM32\\VCRUNTIME140.dll' 14.13 is not compatible with this PHP build linked with 14.29 in Unknown on line 0
[Tue Apr 05 16:24:00.457059 2022] [:emerg] [pid 21700:tid 596] AH00020: Configuration Failed, exiting
[Tue Apr 05 16:24:01.810989 2022] [ssl:warn] [pid 24368:tid 616] AH01909: www.example.com:443:0 server certificate does NOT include an ID which matches the server name
[Tue Apr 05 16:24:01.850972 2022] [core:warn] [pid 24368:tid 616] AH00098: pid file C:/xampp/apache/logs/httpd.pid overwritten -- Unclean shutdown of previous Apache run?
[Tue Apr 05 16:24:01.850972 2022] [ssl:warn] [pid 24368:tid 616] AH01909: www.example.com:443:0 server certificate does NOT include an ID which matches the server name
PHP Warning:  'C:\\Windows\\SYSTEM32\\VCRUNTIME140.dll' 14.13 is not compatible with this PHP build linked with 14.29 in Unknown on line 0
[Tue Apr 05 16:24:01.863631 2022] [:emerg] [pid 24368:tid 616] AH00020: Configuration Failed, exiting
[Tue Apr 05 16:24:02.613873 2022] [ssl:warn] [pid 17108:tid 588] AH01909: www.example.com:443:0 server certificate does NOT include an ID which matches the server name
[Tue Apr 05 16:24:02.653726 2022] [core:warn] [pid 17108:tid 588] AH00098: pid file C:/xampp/apache/logs/httpd.pid overwritten -- Unclean shutdown of previous Apache run?
[Tue Apr 05 16:24:02.653726 2022] [ssl:warn] [pid 17108:tid 588] AH01909: www.example.com:443:0 server certificate does NOT include an ID which matches the server name
PHP Warning:  'C:\\Windows\\SYSTEM32\\VCRUNTIME140.dll' 14.13 is not compatible with this PHP build linked with 14.29 in Unknown on line 0
[Tue Apr 05 16:24:02.665524 2022] [:emerg] [pid 17108:tid 588] AH00020: Configuration Failed, exiting
[Tue Apr 05 16:24:04.131496 2022] [ssl:warn] [pid 26000:tid 616] AH01909: www.example.com:443:0 server certificate does NOT include an ID which matches the server name
[Tue Apr 05 16:24:04.167088 2022] [core:warn] [pid 26000:tid 616] AH00098: pid file C:/xampp/apache/logs/httpd.pid overwritten -- Unclean shutdown of previous Apache run?
[Tue Apr 05 16:24:04.167088 2022] [ssl:warn] [pid 26000:tid 616] AH01909: www.example.com:443:0 server certificate does NOT include an ID which matches the server name
PHP Warning:  'C:\\Windows\\SYSTEM32\\VCRUNTIME140.dll' 14.13 is not compatible with this PHP build linked with 14.29 in Unknown on line 0
[Tue Apr 05 16:24:04.183025 2022] [:emerg] [pid 26000:tid 616] AH00020: Configuration Failed, exiting
[Tue Apr 05 16:24:04.334150 2022] [ssl:warn] [pid 10476:tid 604] AH01909: www.example.com:443:0 server certificate does NOT include an ID which matches the server name
[Tue Apr 05 16:24:04.369199 2022] [core:warn] [pid 10476:tid 604] AH00098: pid file C:/xampp/apache/logs/httpd.pid overwritten -- Unclean shutdown of previous Apache run?
[Tue Apr 05 16:24:04.369199 2022] [ssl:warn] [pid 10476:tid 604] AH01909: www.example.com:443:0 server certificate does NOT include an ID which matches the server name
PHP Warning:  'C:\\Windows\\SYSTEM32\\VCRUNTIME140.dll' 14.13 is not compatible with this PHP build linked with 14.29 in Unknown on line 0
[Tue Apr 05 16:24:04.385177 2022] [:emerg] [pid 10476:tid 604] AH00020: Configuration Failed, exiting
[Tue Apr 05 16:24:05.113801 2022] [ssl:warn] [pid 21576:tid 616] AH01909: www.example.com:443:0 server certificate does NOT include an ID which matches the server name
[Tue Apr 05 16:24:05.153967 2022] [core:warn] [pid 21576:tid 616] AH00098: pid file C:/xampp/apache/logs/httpd.pid overwritten -- Unclean shutdown of previous Apache run?
[Tue Apr 05 16:24:05.153967 2022] [ssl:warn] [pid 21576:tid 616] AH01909: www.example.com:443:0 server certificate does NOT include an ID which matches the server name
PHP Warning:  'C:\\Windows\\SYSTEM32\\VCRUNTIME140.dll' 14.13 is not compatible with this PHP build linked with 14.29 in Unknown on line 0
[Tue Apr 05 16:24:05.171350 2022] [:emerg] [pid 21576:tid 616] AH00020: Configuration Failed, exiting
[Tue Apr 05 16:24:05.323643 2022] [ssl:warn] [pid 25284:tid 600] AH01909: www.example.com:443:0 server certificate does NOT include an ID which matches the server name
[Tue Apr 05 16:24:05.352984 2022] [core:warn] [pid 25284:tid 600] AH00098: pid file C:/xampp/apache/logs/httpd.pid overwritten -- Unclean shutdown of previous Apache run?
[Tue Apr 05 16:24:05.352984 2022] [ssl:warn] [pid 25284:tid 600] AH01909: www.example.com:443:0 server certificate does NOT include an ID which matches the server name
PHP Warning:  'C:\\Windows\\SYSTEM32\\VCRUNTIME140.dll' 14.13 is not compatible with this PHP build linked with 14.29 in Unknown on line 0
[Tue Apr 05 16:24:05.360973 2022] [:emerg] [pid 25284:tid 600] AH00020: Configuration Failed, exiting
[Tue Apr 05 16:24:06.209668 2022] [ssl:warn] [pid 20216:tid 600] AH01909: www.example.com:443:0 server certificate does NOT include an ID which matches the server name
[Tue Apr 05 16:24:06.246998 2022] [core:warn] [pid 20216:tid 600] AH00098: pid file C:/xampp/apache/logs/httpd.pid overwritten -- Unclean shutdown of previous Apache run?
[Tue Apr 05 16:24:06.246998 2022] [ssl:warn] [pid 20216:tid 600] AH01909: www.example.com:443:0 server certificate does NOT include an ID which matches the server name
PHP Warning:  'C:\\Windows\\SYSTEM32\\VCRUNTIME140.dll' 14.13 is not compatible with this PHP build linked with 14.29 in Unknown on line 0
[Tue Apr 05 16:24:06.262993 2022] [:emerg] [pid 20216:tid 600] AH00020: Configuration Failed, exiting
[Tue Apr 05 16:24:07.210990 2022] [ssl:warn] [pid 26300:tid 596] AH01909: www.example.com:443:0 server certificate does NOT include an ID which matches the server name
[Tue Apr 05 16:24:07.243105 2022] [core:warn] [pid 26300:tid 596] AH00098: pid file C:/xampp/apache/logs/httpd.pid overwritten -- Unclean shutdown of previous Apache run?
[Tue Apr 05 16:24:07.243105 2022] [ssl:warn] [pid 26300:tid 596] AH01909: www.example.com:443:0 server certificate does NOT include an ID which matches the server name
PHP Warning:  'C:\\Windows\\SYSTEM32\\VCRUNTIME140.dll' 14.13 is not compatible with this PHP build linked with 14.29 in Unknown on line 0
[Tue Apr 05 16:24:07.259098 2022] [:emerg] [pid 26300:tid 596] AH00020: Configuration Failed, exiting
[Tue Apr 05 16:24:07.425016 2022] [ssl:warn] [pid 25536:tid 616] AH01909: www.example.com:443:0 server certificate does NOT include an ID which matches the server name
[Tue Apr 05 16:24:07.458706 2022] [core:warn] [pid 25536:tid 616] AH00098: pid file C:/xampp/apache/logs/httpd.pid overwritten -- Unclean shutdown of previous Apache run?
[Tue Apr 05 16:24:07.463722 2022] [ssl:warn] [pid 25536:tid 616] AH01909: www.example.com:443:0 server certificate does NOT include an ID which matches the server name
PHP Warning:  'C:\\Windows\\SYSTEM32\\VCRUNTIME140.dll' 14.13 is not compatible with this PHP build linked with 14.29 in Unknown on line 0
[Tue Apr 05 16:24:07.473792 2022] [:emerg] [pid 25536:tid 616] AH00020: Configuration Failed, exiting
[Tue Apr 05 16:24:07.642946 2022] [ssl:warn] [pid 26048:tid 608] AH01909: www.example.com:443:0 server certificate does NOT include an ID which matches the server name
[Tue Apr 05 16:24:07.673929 2022] [core:warn] [pid 26048:tid 608] AH00098: pid file C:/xampp/apache/logs/httpd.pid overwritten -- Unclean shutdown of previous Apache run?
[Tue Apr 05 16:24:07.684005 2022] [ssl:warn] [pid 26048:tid 608] AH01909: www.example.com:443:0 server certificate does NOT include an ID which matches the server name
PHP Warning:  'C:\\Windows\\SYSTEM32\\VCRUNTIME140.dll' 14.13 is not compatible with this PHP build linked with 14.29 in Unknown on line 0
[Tue Apr 05 16:24:07.692003 2022] [:emerg] [pid 26048:tid 608] AH00020: Configuration Failed, exiting
[Tue Apr 05 16:24:09.344238 2022] [ssl:warn] [pid 9756:tid 608] AH01909: www.example.com:443:0 server certificate does NOT include an ID which matches the server name
[Tue Apr 05 16:24:09.383835 2022] [core:warn] [pid 9756:tid 608] AH00098: pid file C:/xampp/apache/logs/httpd.pid overwritten -- Unclean shutdown of previous Apache run?
[Tue Apr 05 16:24:09.383835 2022] [ssl:warn] [pid 9756:tid 608] AH01909: www.example.com:443:0 server certificate does NOT include an ID which matches the server name
PHP Warning:  'C:\\Windows\\SYSTEM32\\VCRUNTIME140.dll' 14.13 is not compatible with this PHP build linked with 14.29 in Unknown on line 0
[Tue Apr 05 16:24:09.393071 2022] [:emerg] [pid 9756:tid 608] AH00020: Configuration Failed, exiting
[Tue Apr 05 18:30:03.278858 2022] [ssl:warn] [pid 25264:tid 652] AH01909: www.example.com:443:0 server certificate does NOT include an ID which matches the server name
[Tue Apr 05 18:30:03.314620 2022] [core:warn] [pid 25264:tid 652] AH00098: pid file C:/xampp/apache/logs/httpd.pid overwritten -- Unclean shutdown of previous Apache run?
[Tue Apr 05 18:30:03.314620 2022] [ssl:warn] [pid 25264:tid 652] AH01909: www.example.com:443:0 server certificate does NOT include an ID which matches the server name
PHP Warning:  'C:\\Windows\\SYSTEM32\\VCRUNTIME140.dll' 14.13 is not compatible with this PHP build linked with 14.29 in Unknown on line 0
[Tue Apr 05 18:30:03.330247 2022] [:emerg] [pid 25264:tid 652] AH00020: Configuration Failed, exiting
[Tue Apr 05 18:30:05.268078 2022] [ssl:warn] [pid 27344:tid 672] AH01909: www.example.com:443:0 server certificate does NOT include an ID which matches the server name
[Tue Apr 05 18:30:05.299312 2022] [core:warn] [pid 27344:tid 672] AH00098: pid file C:/xampp/apache/logs/httpd.pid overwritten -- Unclean shutdown of previous Apache run?
[Tue Apr 05 18:30:05.299312 2022] [ssl:warn] [pid 27344:tid 672] AH01909: www.example.com:443:0 server certificate does NOT include an ID which matches the server name
PHP Warning:  'C:\\Windows\\SYSTEM32\\VCRUNTIME140.dll' 14.13 is not compatible with this PHP build linked with 14.29 in Unknown on line 0
[Tue Apr 05 18:30:05.314906 2022] [:emerg] [pid 27344:tid 672] AH00020: Configuration Failed, exiting
[Tue Apr 05 18:30:09.127475 2022] [ssl:warn] [pid 24304:tid 624] AH01909: www.example.com:443:0 server certificate does NOT include an ID which matches the server name
[Tue Apr 05 18:30:09.158679 2022] [core:warn] [pid 24304:tid 624] AH00098: pid file C:/xampp/apache/logs/httpd.pid overwritten -- Unclean shutdown of previous Apache run?
[Tue Apr 05 18:30:09.158679 2022] [ssl:warn] [pid 24304:tid 624] AH01909: www.example.com:443:0 server certificate does NOT include an ID which matches the server name
PHP Warning:  'C:\\Windows\\SYSTEM32\\VCRUNTIME140.dll' 14.13 is not compatible with this PHP build linked with 14.29 in Unknown on line 0
[Tue Apr 05 18:30:09.174304 2022] [:emerg] [pid 24304:tid 624] AH00020: Configuration Failed, exiting
[Tue Apr 05 18:30:20.180348 2022] [ssl:warn] [pid 460:tid 624] AH01909: www.example.com:443:0 server certificate does NOT include an ID which matches the server name
[Tue Apr 05 18:30:20.760775 2022] [core:warn] [pid 460:tid 624] AH00098: pid file C:/xampp/apache/logs/httpd.pid overwritten -- Unclean shutdown of previous Apache run?
[Tue Apr 05 18:30:20.766328 2022] [ssl:warn] [pid 460:tid 624] AH01909: www.example.com:443:0 server certificate does NOT include an ID which matches the server name
PHP Warning:  'C:\\Windows\\SYSTEM32\\VCRUNTIME140.dll' 14.13 is not compatible with this PHP build linked with 14.29 in Unknown on line 0
[Tue Apr 05 18:30:20.766328 2022] [:emerg] [pid 460:tid 624] AH00020: Configuration Failed, exiting
[Tue Apr 05 18:31:12.945518 2022] [ssl:warn] [pid 11436:tid 616] AH01909: www.example.com:443:0 server certificate does NOT include an ID which matches the server name
[Tue Apr 05 18:31:12.976712 2022] [core:warn] [pid 11436:tid 616] AH00098: pid file C:/xampp/apache/logs/httpd.pid overwritten -- Unclean shutdown of previous Apache run?
[Tue Apr 05 18:31:12.976712 2022] [ssl:warn] [pid 11436:tid 616] AH01909: www.example.com:443:0 server certificate does NOT include an ID which matches the server name
PHP Warning:  'C:\\Windows\\SYSTEM32\\VCRUNTIME140.dll' 14.13 is not compatible with this PHP build linked with 14.29 in Unknown on line 0
[Tue Apr 05 18:31:12.992330 2022] [:emerg] [pid 11436:tid 616] AH00020: Configuration Failed, exiting
[Tue Apr 05 18:31:15.312919 2022] [ssl:warn] [pid 21500:tid 620] AH01909: www.example.com:443:0 server certificate does NOT include an ID which matches the server name
[Tue Apr 05 18:31:15.350682 2022] [core:warn] [pid 21500:tid 620] AH00098: pid file C:/xampp/apache/logs/httpd.pid overwritten -- Unclean shutdown of previous Apache run?
[Tue Apr 05 18:31:15.350682 2022] [ssl:warn] [pid 21500:tid 620] AH01909: www.example.com:443:0 server certificate does NOT include an ID which matches the server name
PHP Warning:  'C:\\Windows\\SYSTEM32\\VCRUNTIME140.dll' 14.13 is not compatible with this PHP build linked with 14.29 in Unknown on line 0
[Tue Apr 05 18:31:15.366305 2022] [:emerg] [pid 21500:tid 620] AH00020: Configuration Failed, exiting
[Tue Apr 05 18:31:35.936740 2022] [ssl:warn] [pid 20712:tid 588] AH01909: www.example.com:443:0 server certificate does NOT include an ID which matches the server name
[Tue Apr 05 18:31:35.967973 2022] [core:warn] [pid 20712:tid 588] AH00098: pid file C:/xampp/apache/logs/httpd.pid overwritten -- Unclean shutdown of previous Apache run?
[Tue Apr 05 18:31:35.967973 2022] [ssl:warn] [pid 20712:tid 588] AH01909: www.example.com:443:0 server certificate does NOT include an ID which matches the server name
PHP Warning:  'C:\\Windows\\SYSTEM32\\VCRUNTIME140.dll' 14.13 is not compatible with this PHP build linked with 14.29 in Unknown on line 0
[Tue Apr 05 18:31:35.983592 2022] [:emerg] [pid 20712:tid 588] AH00020: Configuration Failed, exiting
[Tue Apr 05 18:32:48.404035 2022] [ssl:warn] [pid 24128:tid 616] AH01909: www.example.com:443:0 server certificate does NOT include an ID which matches the server name
[Tue Apr 05 18:32:48.435287 2022] [core:warn] [pid 24128:tid 616] AH00098: pid file C:/xampp/apache/logs/httpd.pid overwritten -- Unclean shutdown of previous Apache run?
[Tue Apr 05 18:32:48.435287 2022] [ssl:warn] [pid 24128:tid 616] AH01909: www.example.com:443:0 server certificate does NOT include an ID which matches the server name
PHP Warning:  'C:\\Windows\\SYSTEM32\\VCRUNTIME140.dll' 14.13 is not compatible with this PHP build linked with 14.29 in Unknown on line 0
[Tue Apr 05 18:32:48.450909 2022] [:emerg] [pid 24128:tid 616] AH00020: Configuration Failed, exiting
[Tue Apr 05 18:33:30.470056 2022] [ssl:warn] [pid 4284:tid 592] AH01909: www.example.com:443:0 server certificate does NOT include an ID which matches the server name
[Tue Apr 05 18:33:30.507776 2022] [core:warn] [pid 4284:tid 592] AH00098: pid file C:/xampp/apache/logs/httpd.pid overwritten -- Unclean shutdown of previous Apache run?
[Tue Apr 05 18:33:30.507776 2022] [ssl:warn] [pid 4284:tid 592] AH01909: www.example.com:443:0 server certificate does NOT include an ID which matches the server name
PHP Warning:  'C:\\Windows\\SYSTEM32\\VCRUNTIME140.dll' 14.13 is not compatible with this PHP build linked with 14.29 in Unknown on line 0
[Tue Apr 05 18:33:30.523400 2022] [:emerg] [pid 4284:tid 592] AH00020: Configuration Failed, exiting
[Tue Apr 05 18:33:32.875094 2022] [ssl:warn] [pid 16476:tid 608] AH01909: www.example.com:443:0 server certificate does NOT include an ID which matches the server name
[Tue Apr 05 18:33:32.900569 2022] [core:warn] [pid 16476:tid 608] AH00098: pid file C:/xampp/apache/logs/httpd.pid overwritten -- Unclean shutdown of previous Apache run?
[Tue Apr 05 18:33:32.900569 2022] [ssl:warn] [pid 16476:tid 608] AH01909: www.example.com:443:0 server certificate does NOT include an ID which matches the server name
PHP Warning:  'C:\\Windows\\SYSTEM32\\VCRUNTIME140.dll' 14.13 is not compatible with this PHP build linked with 14.29 in Unknown on line 0
[Tue Apr 05 18:33:32.916196 2022] [:emerg] [pid 16476:tid 608] AH00020: Configuration Failed, exiting
[Tue Apr 05 18:46:26.764339 2022] [ssl:warn] [pid 20012:tid 404] AH01909: www.example.com:443:0 server certificate does NOT include an ID which matches the server name
[Tue Apr 05 18:46:26.802084 2022] [core:warn] [pid 20012:tid 404] AH00098: pid file C:/xampp/apache/logs/httpd.pid overwritten -- Unclean shutdown of previous Apache run?
[Tue Apr 05 18:46:26.817712 2022] [ssl:warn] [pid 20012:tid 404] AH01909: www.example.com:443:0 server certificate does NOT include an ID which matches the server name
PHP Warning:  'C:\\Windows\\SYSTEM32\\VCRUNTIME140.dll' 14.13 is not compatible with this PHP build linked with 14.29 in Unknown on line 0
[Tue Apr 05 18:46:26.833342 2022] [:emerg] [pid 20012:tid 404] AH00020: Configuration Failed, exiting
[Tue Apr 05 18:50:30.435182 2022] [ssl:warn] [pid 25076:tid 676] AH01909: www.example.com:443:0 server certificate does NOT include an ID which matches the server name
[Tue Apr 05 18:50:30.472941 2022] [core:warn] [pid 25076:tid 676] AH00098: pid file C:/xampp/apache/logs/httpd.pid overwritten -- Unclean shutdown of previous Apache run?
[Tue Apr 05 18:50:30.472941 2022] [ssl:warn] [pid 25076:tid 676] AH01909: www.example.com:443:0 server certificate does NOT include an ID which matches the server name
PHP Warning:  'C:\\Windows\\SYSTEM32\\VCRUNTIME140.dll' 14.13 is not compatible with this PHP build linked with 14.29 in Unknown on line 0
[Tue Apr 05 18:50:30.488570 2022] [:emerg] [pid 25076:tid 676] AH00020: Configuration Failed, exiting
